<?xml version="1.0" encoding="UTF-8"?>
<coverage generated="1679269842203" clover="3.2.0">
  <project timestamp="1679269842203" name="All files">
    <metrics statements="28" coveredstatements="27" conditionals="6" coveredconditionals="5" methods="10" coveredmethods="10" elements="44" coveredelements="42" complexity="0" loc="28" ncloc="28" packages="2" files="3" classes="3"/>
    <package name="components.CardList">
      <metrics statements="20" coveredstatements="19" conditionals="3" coveredconditionals="2" methods="7" coveredmethods="7"/>
      <file name="Card.tsx" path="C:\Users\Aleksa\Desktop\REACT2023Q1\REACT2023Q1\react-components\src\components\CardList\Card.tsx">
        <metrics statements="4" coveredstatements="4" conditionals="0" coveredconditionals="0" methods="1" coveredmethods="1"/>
        <line num="1" count="2" type="stmt"/>
        <line num="6" count="19" type="stmt"/>
        <line num="8" count="19" type="stmt"/>
        <line num="25" count="2" type="stmt"/>
      </file>
      <file name="CardList.tsx" path="C:\Users\Aleksa\Desktop\REACT2023Q1\REACT2023Q1\react-components\src\components\CardList\CardList.tsx">
        <metrics statements="16" coveredstatements="15" conditionals="3" coveredconditionals="2" methods="6" coveredmethods="6"/>
        <line num="1" count="1" type="stmt"/>
        <line num="2" count="1" type="stmt"/>
        <line num="3" count="1" type="stmt"/>
        <line num="4" count="1" type="stmt"/>
        <line num="25" count="5" type="stmt"/>
        <line num="27" count="5" type="stmt"/>
        <line num="33" count="5" type="stmt"/>
        <line num="37" count="5" type="cond" truecount="0" falsecount="1"/>
        <line num="38" count="0" type="stmt"/>
        <line num="42" count="5" type="stmt"/>
        <line num="43" count="5" type="stmt"/>
        <line num="44" count="5" type="stmt"/>
        <line num="48" count="10" type="stmt"/>
        <line num="50" count="10" type="stmt"/>
        <line num="53" count="15" type="stmt"/>
        <line num="62" count="1" type="stmt"/>
      </file>
    </package>
    <package name="core.utils">
      <metrics statements="8" coveredstatements="8" conditionals="3" coveredconditionals="3" methods="3" coveredmethods="3"/>
      <file name="CardFilter.ts" path="C:\Users\Aleksa\Desktop\REACT2023Q1\REACT2023Q1\react-components\src\core\utils\CardFilter.ts">
        <metrics statements="8" coveredstatements="8" conditionals="3" coveredconditionals="3" methods="3" coveredmethods="3"/>
        <line num="1" count="1" type="stmt"/>
        <line num="13" count="5" type="cond" truecount="1" falsecount="0"/>
        <line num="14" count="2" type="stmt"/>
        <line num="17" count="3" type="stmt"/>
        <line num="19" count="3" type="stmt"/>
        <line num="20" count="6" type="stmt"/>
        <line num="21" count="31" type="cond" truecount="2" falsecount="0"/>
        <line num="26" count="1" type="stmt"/>
      </file>
    </package>
  </project>
</coverage>
