TN:
SF:src\components\CardList\Card.tsx
FN:5,(anonymous_1)
FNF:1
FNH:1
FNDA:19,(anonymous_1)
DA:1,2
DA:6,19
DA:8,19
DA:25,2
LF:4
LH:4
BRF:0
BRH:0
end_of_record
TN:
SF:src\components\CardList\CardList.tsx
FN:24,(anonymous_1)
FN:32,(anonymous_2)
FN:36,(anonymous_3)
FN:42,(anonymous_4)
FN:47,(anonymous_5)
FN:53,(anonymous_6)
FNF:6
FNH:6
FNDA:5,(anonymous_1)
FNDA:5,(anonymous_2)
FNDA:5,(anonymous_3)
FNDA:5,(anonymous_4)
FNDA:10,(anonymous_5)
FNDA:15,(anonymous_6)
DA:1,1
DA:2,1
DA:3,1
DA:4,1
DA:25,5
DA:27,5
DA:33,5
DA:37,5
DA:38,0
DA:42,5
DA:43,5
DA:44,5
DA:48,10
DA:50,10
DA:53,15
DA:62,1
LF:16
LH:15
BRDA:37,0,0,0
BRDA:52,1,0,8
BRDA:52,1,1,2
BRF:3
BRH:2
end_of_record
TN:
SF:src\core\utils\CardFilter.ts
FN:12,filterCards
FN:19,(anonymous_1)
FN:21,(anonymous_2)
FNF:3
FNH:3
FNDA:5,filterCards
FNDA:6,(anonymous_1)
FNDA:31,(anonymous_2)
DA:1,1
DA:13,5
DA:14,2
DA:17,3
DA:19,3
DA:20,6
DA:21,31
DA:26,1
LF:8
LH:8
BRDA:13,0,0,2
BRDA:21,1,0,31
BRDA:21,1,1,26
BRF:3
BRH:3
end_of_record
