<?xml version="1.0" encoding="UTF-8"?>
<coverage generated="1680016688864" clover="3.2.0">
  <project timestamp="1680016688864" name="All files">
    <metrics statements="50" coveredstatements="49" conditionals="12" coveredconditionals="10" methods="17" coveredmethods="17" elements="79" coveredelements="76" complexity="0" loc="50" ncloc="50" packages="4" files="6" classes="6"/>
    <package name="components.CardList">
      <metrics statements="20" coveredstatements="19" conditionals="3" coveredconditionals="2" methods="7" coveredmethods="7"/>
      <file name="Card.tsx" path="C:\Users\Aleksa\Desktop\REACT2023Q1\REACT2023Q1\src\components\CardList\Card.tsx">
        <metrics statements="4" coveredstatements="4" conditionals="0" coveredconditionals="0" methods="1" coveredmethods="1"/>
        <line num="1" count="2" type="stmt"/>
        <line num="6" count="19" type="stmt"/>
        <line num="8" count="19" type="stmt"/>
        <line num="25" count="2" type="stmt"/>
      </file>
      <file name="CardList.tsx" path="C:\Users\Aleksa\Desktop\REACT2023Q1\REACT2023Q1\src\components\CardList\CardList.tsx">
        <metrics statements="16" coveredstatements="15" conditionals="3" coveredconditionals="2" methods="6" coveredmethods="6"/>
        <line num="1" count="1" type="stmt"/>
        <line num="2" count="1" type="stmt"/>
        <line num="3" count="1" type="stmt"/>
        <line num="4" count="1" type="stmt"/>
        <line num="25" count="5" type="stmt"/>
        <line num="27" count="5" type="stmt"/>
        <line num="33" count="5" type="stmt"/>
        <line num="37" count="5" type="cond" truecount="0" falsecount="1"/>
        <line num="38" count="0" type="stmt"/>
        <line num="42" count="5" type="stmt"/>
        <line num="43" count="5" type="stmt"/>
        <line num="44" count="5" type="stmt"/>
        <line num="48" count="10" type="stmt"/>
        <line num="50" count="10" type="stmt"/>
        <line num="53" count="15" type="stmt"/>
        <line num="62" count="1" type="stmt"/>
      </file>
    </package>
    <package name="components.Form.common">
      <metrics statements="21" coveredstatements="21" conditionals="6" coveredconditionals="5" methods="7" coveredmethods="7"/>
      <file name="DateInput.tsx" path="C:\Users\Aleksa\Desktop\REACT2023Q1\REACT2023Q1\src\components\Form\common\DateInput.tsx">
        <metrics statements="9" coveredstatements="9" conditionals="4" coveredconditionals="3" methods="3" coveredmethods="3"/>
        <line num="1" count="1" type="stmt"/>
        <line num="6" count="3" type="stmt"/>
        <line num="7" count="3" type="stmt"/>
        <line num="11" count="1" type="stmt"/>
        <line num="12" count="1" type="cond" truecount="1" falsecount="1"/>
        <line num="13" count="1" type="stmt"/>
        <line num="17" count="3" type="stmt"/>
        <line num="19" count="3" type="stmt"/>
        <line num="38" count="1" type="stmt"/>
      </file>
      <file name="Dropdown.tsx" path="C:\Users\Aleksa\Desktop\REACT2023Q1\REACT2023Q1\src\components\Form\common\Dropdown.tsx">
        <metrics statements="12" coveredstatements="12" conditionals="2" coveredconditionals="2" methods="4" coveredmethods="4"/>
        <line num="1" count="1" type="stmt"/>
        <line num="2" count="1" type="stmt"/>
        <line num="9" count="3" type="stmt"/>
        <line num="10" count="3" type="stmt"/>
        <line num="11" count="3" type="stmt"/>
        <line num="15" count="1" type="stmt"/>
        <line num="16" count="1" type="stmt"/>
        <line num="17" count="1" type="stmt"/>
        <line num="21" count="3" type="stmt"/>
        <line num="23" count="3" type="stmt"/>
        <line num="39" count="15" type="stmt"/>
        <line num="50" count="1" type="stmt"/>
      </file>
    </package>
    <package name="core.config">
      <metrics statements="1" coveredstatements="1" conditionals="0" coveredconditionals="0" methods="0" coveredmethods="0"/>
      <file name="cats.ts" path="C:\Users\Aleksa\Desktop\REACT2023Q1\REACT2023Q1\src\core\config\cats.ts">
        <metrics statements="1" coveredstatements="1" conditionals="0" coveredconditionals="0" methods="0" coveredmethods="0"/>
        <line num="1" count="1" type="stmt"/>
      </file>
    </package>
    <package name="core.utils">
      <metrics statements="8" coveredstatements="8" conditionals="3" coveredconditionals="3" methods="3" coveredmethods="3"/>
      <file name="CardFilter.ts" path="C:\Users\Aleksa\Desktop\REACT2023Q1\REACT2023Q1\src\core\utils\CardFilter.ts">
        <metrics statements="8" coveredstatements="8" conditionals="3" coveredconditionals="3" methods="3" coveredmethods="3"/>
        <line num="1" count="1" type="stmt"/>
        <line num="13" count="5" type="cond" truecount="1" falsecount="0"/>
        <line num="14" count="2" type="stmt"/>
        <line num="17" count="3" type="stmt"/>
        <line num="19" count="3" type="stmt"/>
        <line num="20" count="6" type="stmt"/>
        <line num="21" count="31" type="cond" truecount="2" falsecount="0"/>
        <line num="26" count="1" type="stmt"/>
      </file>
    </package>
  </project>
</coverage>
