{"C:\\Users\\Aleksa\\Desktop\\REACT2023Q1\\REACT2023Q1\\react-components\\src\\components\\CardList\\Card.tsx": {"path":"C:\\Users\\Aleksa\\Desktop\\REACT2023Q1\\REACT2023Q1\\react-components\\src\\components\\CardList\\Card.tsx","statementMap":{"0":{"start":{"line":1,"column":0},"end":{"line":1,"column":26}},"1":{"start":{"line":6,"column":57},"end":{"line":6,"column":67}},"2":{"start":{"line":8,"column":4},"end":{"line":21,"column":6}},"3":{"start":{"line":25,"column":0},"end":{"line":25,"column":20}}},"fnMap":{"0":{"name":"(anonymous_1)","decl":{"start":{"line":5,"column":2},"end":{"line":5,"column":8}},"loc":{"start":{"line":5,"column":8},"end":{"line":22,"column":3}}}},"branchMap":{},"s":{"0":2,"1":19,"2":19,"3":2},"f":{"0":19},"b":{}}
,"C:\\Users\\Aleksa\\Desktop\\REACT2023Q1\\REACT2023Q1\\react-components\\src\\components\\CardList\\CardList.tsx": {"path":"C:\\Users\\Aleksa\\Desktop\\REACT2023Q1\\REACT2023Q1\\react-components\\src\\components\\CardList\\CardList.tsx","statementMap":{"0":{"start":{"line":1,"column":0},"end":{"line":1,"column":26}},"1":{"start":{"line":2,"column":0},"end":{"line":2,"column":26}},"2":{"start":{"line":3,"column":0},"end":{"line":3,"column":54}},"3":{"start":{"line":4,"column":0},"end":{"line":4,"column":47}},"4":{"start":{"line":25,"column":4},"end":{"line":25,"column":17}},"5":{"start":{"line":27,"column":4},"end":{"line":29,"column":6}},"6":{"start":{"line":33,"column":4},"end":{"line":33,"column":23}},"7":{"start":{"line":37,"column":4},"end":{"line":39,"column":null}},"8":{"start":{"line":38,"column":6},"end":{"line":38,"column":25}},"9":{"start":{"line":42,"column":16},"end":{"line":45,"column":3}},"10":{"start":{"line":43,"column":26},"end":{"line":43,"column":62}},"11":{"start":{"line":44,"column":4},"end":{"line":44,"column":37}},"12":{"start":{"line":48,"column":30},"end":{"line":48,"column":40}},"13":{"start":{"line":50,"column":4},"end":{"line":58,"column":6}},"14":{"start":{"line":53,"column":38},"end":{"line":53,"column":73}},"15":{"start":{"line":62,"column":0},"end":{"line":62,"column":24}}},"fnMap":{"0":{"name":"(anonymous_1)","decl":{"start":{"line":24,"column":2},"end":{"line":24,"column":14}},"loc":{"start":{"line":24,"column":26},"end":{"line":30,"column":3}}},"1":{"name":"(anonymous_2)","decl":{"start":{"line":32,"column":2},"end":{"line":32,"column":19}},"loc":{"start":{"line":32,"column":19},"end":{"line":34,"column":3}}},"2":{"name":"(anonymous_3)","decl":{"start":{"line":36,"column":2},"end":{"line":36,"column":20}},"loc":{"start":{"line":36,"column":37},"end":{"line":40,"column":3}}},"3":{"name":"(anonymous_4)","decl":{"start":{"line":42,"column":16},"end":{"line":42,"column":19}},"loc":{"start":{"line":42,"column":21},"end":{"line":45,"column":3}}},"4":{"name":"(anonymous_5)","decl":{"start":{"line":47,"column":2},"end":{"line":47,"column":8}},"loc":{"start":{"line":47,"column":8},"end":{"line":59,"column":3}}},"5":{"name":"(anonymous_6)","decl":{"start":{"line":53,"column":28},"end":{"line":53,"column":29}},"loc":{"start":{"line":53,"column":38},"end":{"line":53,"column":73}}}},"branchMap":{"0":{"loc":{"start":{"line":37,"column":4},"end":{"line":39,"column":null}},"type":"if","locations":[{"start":{"line":37,"column":4},"end":{"line":39,"column":null}}]},"1":{"loc":{"start":{"line":52,"column":9},"end":{"line":55,"column":null}},"type":"cond-expr","locations":[{"start":{"line":53,"column":10},"end":{"line":53,"column":74}},{"start":{"line":55,"column":10},"end":{"line":55,"column":31}}]}},"s":{"0":1,"1":1,"2":1,"3":1,"4":5,"5":5,"6":5,"7":5,"8":0,"9":5,"10":5,"11":5,"12":10,"13":10,"14":15,"15":1},"f":{"0":5,"1":5,"2":5,"3":5,"4":10,"5":15},"b":{"0":[0],"1":[8,2]}}
,"C:\\Users\\Aleksa\\Desktop\\REACT2023Q1\\REACT2023Q1\\react-components\\src\\core\\utils\\CardFilter.ts": {"path":"C:\\Users\\Aleksa\\Desktop\\REACT2023Q1\\REACT2023Q1\\react-components\\src\\core\\utils\\CardFilter.ts","statementMap":{"0":{"start":{"line":1,"column":0},"end":{"line":1,"column":39}},"1":{"start":{"line":13,"column":2},"end":{"line":15,"column":null}},"2":{"start":{"line":14,"column":4},"end":{"line":14,"column":17}},"3":{"start":{"line":17,"column":33},"end":{"line":17,"column":66}},"4":{"start":{"line":19,"column":2},"end":{"line":23,"column":4}},"5":{"start":{"line":20,"column":4},"end":{"line":21,"column":null}},"6":{"start":{"line":21,"column":17},"end":{"line":21,"column":98}},"7":{"start":{"line":26,"column":0},"end":{"line":26,"column":27}}},"fnMap":{"0":{"name":"filterCards","decl":{"start":{"line":12,"column":9},"end":{"line":12,"column":20}},"loc":{"start":{"line":12,"column":41},"end":{"line":24,"column":1}}},"1":{"name":"(anonymous_1)","decl":{"start":{"line":19,"column":22},"end":{"line":19,"column":23}},"loc":{"start":{"line":20,"column":4},"end":{"line":21,"column":null}}},"2":{"name":"(anonymous_2)","decl":{"start":{"line":21,"column":6},"end":{"line":21,"column":7}},"loc":{"start":{"line":21,"column":17},"end":{"line":21,"column":98}}}},"branchMap":{"0":{"loc":{"start":{"line":13,"column":2},"end":{"line":15,"column":null}},"type":"if","locations":[{"start":{"line":13,"column":2},"end":{"line":15,"column":null}}]},"1":{"loc":{"start":{"line":21,"column":17},"end":{"line":21,"column":98}},"type":"binary-expr","locations":[{"start":{"line":21,"column":17},"end":{"line":21,"column":42}},{"start":{"line":21,"column":46},"end":{"line":21,"column":98}}]}},"s":{"0":1,"1":5,"2":2,"3":3,"4":3,"5":6,"6":31,"7":1},"f":{"0":5,"1":6,"2":31},"b":{"0":[2],"1":[31,26]}}
}
