{"C:\\Users\\Aleksa\\Desktop\\apo\\REACT2023Q1\\src\\components\\CardItem\\CardItem.tsx": {"path":"C:\\Users\\Aleksa\\Desktop\\apo\\REACT2023Q1\\src\\components\\CardItem\\CardItem.tsx","all":false,"statementMap":{"0":{"start":{"line":1,"column":0},"end":{"line":1,"column":24}},"1":{"start":{"line":2,"column":0},"end":{"line":2,"column":13}},"2":{"start":{"line":3,"column":0},"end":{"line":3,"column":16}},"3":{"start":{"line":4,"column":0},"end":{"line":4,"column":19}},"4":{"start":{"line":5,"column":0},"end":{"line":5,"column":15}},"5":{"start":{"line":6,"column":0},"end":{"line":6,"column":17}},"6":{"start":{"line":7,"column":0},"end":{"line":7,"column":17}},"7":{"start":{"line":8,"column":0},"end":{"line":8,"column":1}},"8":{"start":{"line":9,"column":0},"end":{"line":9,"column":0}},"9":{"start":{"line":10,"column":0},"end":{"line":10,"column":21}},"10":{"start":{"line":11,"column":0},"end":{"line":11,"column":14}},"11":{"start":{"line":12,"column":0},"end":{"line":12,"column":37}},"12":{"start":{"line":13,"column":0},"end":{"line":13,"column":1}},"13":{"start":{"line":14,"column":0},"end":{"line":14,"column":0}},"14":{"start":{"line":15,"column":0},"end":{"line":15,"column":52}},"15":{"start":{"line":16,"column":0},"end":{"line":16,"column":10}},"16":{"start":{"line":17,"column":0},"end":{"line":17,"column":65}},"17":{"start":{"line":18,"column":0},"end":{"line":18,"column":50}},"18":{"start":{"line":19,"column":0},"end":{"line":19,"column":52}},"19":{"start":{"line":20,"column":0},"end":{"line":20,"column":12}},"20":{"start":{"line":21,"column":0},"end":{"line":21,"column":42}},"21":{"start":{"line":22,"column":0},"end":{"line":22,"column":58}},"22":{"start":{"line":23,"column":0},"end":{"line":23,"column":12}},"23":{"start":{"line":24,"column":0},"end":{"line":24,"column":10}},"24":{"start":{"line":25,"column":0},"end":{"line":25,"column":4}},"25":{"start":{"line":26,"column":0},"end":{"line":26,"column":2}},"26":{"start":{"line":27,"column":0},"end":{"line":27,"column":0}},"27":{"start":{"line":28,"column":0},"end":{"line":28,"column":20}}},"s":{"0":1,"1":1,"2":1,"3":1,"4":1,"5":1,"6":1,"7":1,"8":1,"9":1,"10":1,"11":1,"12":1,"13":1,"14":1,"15":0,"16":0,"17":0,"18":0,"19":0,"20":0,"21":0,"22":0,"23":0,"24":0,"25":0,"26":1,"27":1},"branchMap":{},"b":{},"fnMap":{"0":{"name":"Card","decl":{"start":{"line":15,"column":13},"end":{"line":26,"column":2}},"loc":{"start":{"line":15,"column":13},"end":{"line":26,"column":2}},"line":15}},"f":{"0":0}}
,"C:\\Users\\Aleksa\\Desktop\\apo\\REACT2023Q1\\src\\components\\CardList\\CardList.tsx": {"path":"C:\\Users\\Aleksa\\Desktop\\apo\\REACT2023Q1\\src\\components\\CardList\\CardList.tsx","all":false,"statementMap":{"0":{"start":{"line":1,"column":0},"end":{"line":1,"column":55}},"1":{"start":{"line":2,"column":0},"end":{"line":2,"column":0}},"2":{"start":{"line":3,"column":0},"end":{"line":3,"column":25}},"3":{"start":{"line":4,"column":0},"end":{"line":4,"column":17}},"4":{"start":{"line":5,"column":0},"end":{"line":5,"column":37}},"5":{"start":{"line":6,"column":0},"end":{"line":6,"column":1}},"6":{"start":{"line":7,"column":0},"end":{"line":7,"column":0}},"7":{"start":{"line":8,"column":0},"end":{"line":8,"column":61}},"8":{"start":{"line":9,"column":0},"end":{"line":9,"column":10}},"9":{"start":{"line":10,"column":0},"end":{"line":10,"column":31}},"10":{"start":{"line":11,"column":0},"end":{"line":11,"column":28}},"11":{"start":{"line":12,"column":0},"end":{"line":12,"column":72}},"12":{"start":{"line":13,"column":0},"end":{"line":13,"column":9}},"13":{"start":{"line":14,"column":0},"end":{"line":14,"column":10}},"14":{"start":{"line":15,"column":0},"end":{"line":15,"column":4}},"15":{"start":{"line":16,"column":0},"end":{"line":16,"column":2}},"16":{"start":{"line":17,"column":0},"end":{"line":17,"column":0}},"17":{"start":{"line":18,"column":0},"end":{"line":18,"column":24}}},"s":{"0":1,"1":1,"2":1,"3":1,"4":1,"5":1,"6":1,"7":1,"8":0,"9":0,"10":0,"11":0,"12":0,"13":0,"14":0,"15":0,"16":1,"17":1},"branchMap":{},"b":{},"fnMap":{"0":{"name":"CardList","decl":{"start":{"line":8,"column":17},"end":{"line":16,"column":2}},"loc":{"start":{"line":8,"column":17},"end":{"line":16,"column":2}},"line":8}},"f":{"0":0}}
,"C:\\Users\\Aleksa\\Desktop\\apo\\REACT2023Q1\\src\\components\\Form\\Form.tsx": {"path":"C:\\Users\\Aleksa\\Desktop\\apo\\REACT2023Q1\\src\\components\\Form\\Form.tsx","all":false,"statementMap":{"0":{"start":{"line":1,"column":0},"end":{"line":1,"column":33}},"1":{"start":{"line":2,"column":0},"end":{"line":2,"column":59}},"2":{"start":{"line":3,"column":0},"end":{"line":3,"column":51}},"3":{"start":{"line":4,"column":0},"end":{"line":4,"column":55}},"4":{"start":{"line":5,"column":0},"end":{"line":5,"column":47}},"5":{"start":{"line":6,"column":0},"end":{"line":6,"column":55}},"6":{"start":{"line":7,"column":0},"end":{"line":7,"column":0}},"7":{"start":{"line":8,"column":0},"end":{"line":8,"column":40}},"8":{"start":{"line":9,"column":0},"end":{"line":9,"column":53}},"9":{"start":{"line":10,"column":0},"end":{"line":10,"column":60}},"10":{"start":{"line":11,"column":0},"end":{"line":11,"column":0}},"11":{"start":{"line":12,"column":0},"end":{"line":12,"column":50}},"12":{"start":{"line":13,"column":0},"end":{"line":13,"column":15}},"13":{"start":{"line":14,"column":0},"end":{"line":14,"column":16}},"14":{"start":{"line":15,"column":0},"end":{"line":15,"column":7}},"15":{"start":{"line":16,"column":0},"end":{"line":16,"column":17}},"16":{"start":{"line":17,"column":0},"end":{"line":17,"column":28}},"17":{"start":{"line":18,"column":0},"end":{"line":18,"column":38}},"18":{"start":{"line":19,"column":0},"end":{"line":19,"column":8}},"19":{"start":{"line":20,"column":0},"end":{"line":20,"column":7}},"20":{"start":{"line":21,"column":0},"end":{"line":21,"column":0}},"21":{"start":{"line":22,"column":0},"end":{"line":22,"column":27}},"22":{"start":{"line":23,"column":0},"end":{"line":23,"column":52}},"23":{"start":{"line":24,"column":0},"end":{"line":24,"column":4}},"24":{"start":{"line":25,"column":0},"end":{"line":25,"column":0}},"25":{"start":{"line":26,"column":0},"end":{"line":26,"column":10}},"26":{"start":{"line":27,"column":0},"end":{"line":27,"column":6}},"27":{"start":{"line":28,"column":0},"end":{"line":28,"column":39}},"28":{"start":{"line":29,"column":0},"end":{"line":29,"column":76}},"29":{"start":{"line":30,"column":0},"end":{"line":30,"column":39}},"30":{"start":{"line":31,"column":0},"end":{"line":31,"column":7}},"31":{"start":{"line":32,"column":0},"end":{"line":32,"column":4}},"32":{"start":{"line":33,"column":0},"end":{"line":33,"column":2}}},"s":{"0":1,"1":1,"2":1,"3":1,"4":1,"5":1,"6":1,"7":1,"8":2,"9":2,"10":2,"11":2,"12":0,"13":0,"14":0,"15":0,"16":0,"17":0,"18":0,"19":0,"20":0,"21":0,"22":0,"23":0,"24":2,"25":2,"26":2,"27":2,"28":2,"29":2,"30":2,"31":2,"32":2},"branchMap":{"0":{"type":"branch","line":8,"loc":{"start":{"line":8,"column":20},"end":{"line":33,"column":2}},"locations":[{"start":{"line":8,"column":20},"end":{"line":33,"column":2}}]},"1":{"type":"branch","line":29,"loc":{"start":{"line":29,"column":7},"end":{"line":29,"column":76}},"locations":[{"start":{"line":29,"column":7},"end":{"line":29,"column":76}}]},"2":{"type":"branch","line":33,"loc":{"start":{"line":33,"column":0},"end":{"line":33,"column":2}},"locations":[{"start":{"line":33,"column":0},"end":{"line":33,"column":2}}]}},"b":{"0":[2],"1":[0],"2":[2]},"fnMap":{"0":{"name":"Form","decl":{"start":{"line":8,"column":20},"end":{"line":33,"column":2}},"loc":{"start":{"line":8,"column":20},"end":{"line":33,"column":2}},"line":8},"1":{"name":"addSnack","decl":{"start":{"line":12,"column":19},"end":{"line":24,"column":4}},"loc":{"start":{"line":12,"column":19},"end":{"line":24,"column":4}},"line":12},"2":{"name":"get","decl":{"start":{"line":33,"column":0},"end":{"line":33,"column":2}},"loc":{"start":{"line":33,"column":0},"end":{"line":33,"column":2}},"line":33}},"f":{"0":2,"1":0,"2":2}}
,"C:\\Users\\Aleksa\\Desktop\\apo\\REACT2023Q1\\src\\components\\Loader\\Loader.tsx": {"path":"C:\\Users\\Aleksa\\Desktop\\apo\\REACT2023Q1\\src\\components\\Loader\\Loader.tsx","all":false,"statementMap":{"0":{"start":{"line":1,"column":0},"end":{"line":1,"column":26}},"1":{"start":{"line":2,"column":0},"end":{"line":2,"column":0}},"2":{"start":{"line":3,"column":0},"end":{"line":3,"column":32}},"3":{"start":{"line":4,"column":0},"end":{"line":4,"column":54}},"4":{"start":{"line":5,"column":0},"end":{"line":5,"column":2}},"5":{"start":{"line":6,"column":0},"end":{"line":6,"column":0}},"6":{"start":{"line":7,"column":0},"end":{"line":7,"column":22}}},"s":{"0":1,"1":1,"2":1,"3":0,"4":0,"5":1,"6":1},"branchMap":{},"b":{},"fnMap":{"0":{"name":"Loader","decl":{"start":{"line":3,"column":25},"end":{"line":5,"column":2}},"loc":{"start":{"line":3,"column":25},"end":{"line":5,"column":2}},"line":3}},"f":{"0":0}}
,"C:\\Users\\Aleksa\\Desktop\\apo\\REACT2023Q1\\src\\components\\Modal\\Modal.tsx": {"path":"C:\\Users\\Aleksa\\Desktop\\apo\\REACT2023Q1\\src\\components\\Modal\\Modal.tsx","all":false,"statementMap":{"0":{"start":{"line":1,"column":0},"end":{"line":1,"column":26}},"1":{"start":{"line":2,"column":0},"end":{"line":2,"column":41}},"2":{"start":{"line":3,"column":0},"end":{"line":3,"column":0}},"3":{"start":{"line":4,"column":0},"end":{"line":4,"column":16}},"4":{"start":{"line":5,"column":0},"end":{"line":5,"column":13}},"5":{"start":{"line":6,"column":0},"end":{"line":6,"column":16}},"6":{"start":{"line":7,"column":0},"end":{"line":7,"column":19}},"7":{"start":{"line":8,"column":0},"end":{"line":8,"column":15}},"8":{"start":{"line":9,"column":0},"end":{"line":9,"column":17}},"9":{"start":{"line":10,"column":0},"end":{"line":10,"column":17}},"10":{"start":{"line":11,"column":0},"end":{"line":11,"column":1}},"11":{"start":{"line":12,"column":0},"end":{"line":12,"column":0}},"12":{"start":{"line":13,"column":0},"end":{"line":13,"column":22}},"13":{"start":{"line":14,"column":0},"end":{"line":14,"column":18}},"14":{"start":{"line":15,"column":0},"end":{"line":15,"column":22}},"15":{"start":{"line":16,"column":0},"end":{"line":16,"column":20}},"16":{"start":{"line":17,"column":0},"end":{"line":17,"column":1}},"17":{"start":{"line":18,"column":0},"end":{"line":18,"column":0}},"18":{"start":{"line":19,"column":0},"end":{"line":19,"column":58}},"19":{"start":{"line":20,"column":0},"end":{"line":20,"column":25}},"20":{"start":{"line":21,"column":0},"end":{"line":21,"column":16}},"21":{"start":{"line":22,"column":0},"end":{"line":22,"column":3}},"22":{"start":{"line":23,"column":0},"end":{"line":23,"column":0}},"23":{"start":{"line":24,"column":0},"end":{"line":24,"column":42}},"24":{"start":{"line":25,"column":0},"end":{"line":25,"column":0}},"25":{"start":{"line":26,"column":0},"end":{"line":26,"column":29}},"26":{"start":{"line":27,"column":0},"end":{"line":27,"column":42}},"27":{"start":{"line":28,"column":0},"end":{"line":28,"column":14}},"28":{"start":{"line":29,"column":0},"end":{"line":29,"column":4}},"29":{"start":{"line":30,"column":0},"end":{"line":30,"column":0}},"30":{"start":{"line":31,"column":0},"end":{"line":31,"column":10}},"31":{"start":{"line":32,"column":0},"end":{"line":32,"column":29}},"32":{"start":{"line":33,"column":0},"end":{"line":33,"column":29}},"33":{"start":{"line":34,"column":0},"end":{"line":34,"column":16}},"34":{"start":{"line":35,"column":0},"end":{"line":35,"column":31}},"35":{"start":{"line":36,"column":0},"end":{"line":36,"column":71}},"36":{"start":{"line":37,"column":0},"end":{"line":37,"column":10}},"37":{"start":{"line":38,"column":0},"end":{"line":38,"column":40}},"38":{"start":{"line":39,"column":0},"end":{"line":39,"column":54}},"39":{"start":{"line":40,"column":0},"end":{"line":40,"column":31}},"40":{"start":{"line":41,"column":0},"end":{"line":41,"column":34}},"41":{"start":{"line":42,"column":0},"end":{"line":42,"column":38}},"42":{"start":{"line":43,"column":0},"end":{"line":43,"column":13}},"43":{"start":{"line":44,"column":0},"end":{"line":44,"column":24}},"44":{"start":{"line":45,"column":0},"end":{"line":45,"column":60}},"45":{"start":{"line":46,"column":0},"end":{"line":46,"column":27}},"46":{"start":{"line":47,"column":0},"end":{"line":47,"column":16}},"47":{"start":{"line":48,"column":0},"end":{"line":48,"column":14}},"48":{"start":{"line":49,"column":0},"end":{"line":49,"column":14}},"49":{"start":{"line":50,"column":0},"end":{"line":50,"column":12}},"50":{"start":{"line":51,"column":0},"end":{"line":51,"column":10}},"51":{"start":{"line":52,"column":0},"end":{"line":52,"column":4}},"52":{"start":{"line":53,"column":0},"end":{"line":53,"column":2}},"53":{"start":{"line":54,"column":0},"end":{"line":54,"column":0}},"54":{"start":{"line":55,"column":0},"end":{"line":55,"column":21}}},"s":{"0":1,"1":1,"2":1,"3":1,"4":1,"5":1,"6":1,"7":1,"8":1,"9":1,"10":1,"11":1,"12":1,"13":1,"14":1,"15":1,"16":1,"17":1,"18":1,"19":0,"20":0,"21":0,"22":0,"23":0,"24":0,"25":0,"26":0,"27":0,"28":0,"29":0,"30":0,"31":0,"32":0,"33":0,"34":0,"35":0,"36":0,"37":0,"38":0,"39":0,"40":0,"41":0,"42":0,"43":0,"44":0,"45":0,"46":0,"47":0,"48":0,"49":0,"50":0,"51":0,"52":0,"53":1,"54":1},"branchMap":{},"b":{},"fnMap":{"0":{"name":"Modal","decl":{"start":{"line":19,"column":14},"end":{"line":53,"column":2}},"loc":{"start":{"line":19,"column":14},"end":{"line":53,"column":2}},"line":19}},"f":{"0":0}}
,"C:\\Users\\Aleksa\\Desktop\\apo\\REACT2023Q1\\src\\components\\SearchBar\\SearchBar.tsx": {"path":"C:\\Users\\Aleksa\\Desktop\\apo\\REACT2023Q1\\src\\components\\SearchBar\\SearchBar.tsx","all":false,"statementMap":{"0":{"start":{"line":1,"column":0},"end":{"line":1,"column":51}},"1":{"start":{"line":2,"column":0},"end":{"line":2,"column":0}},"2":{"start":{"line":3,"column":0},"end":{"line":3,"column":26}},"3":{"start":{"line":4,"column":0},"end":{"line":4,"column":16}},"4":{"start":{"line":5,"column":0},"end":{"line":5,"column":65}},"5":{"start":{"line":6,"column":0},"end":{"line":6,"column":23}},"6":{"start":{"line":7,"column":0},"end":{"line":7,"column":1}},"7":{"start":{"line":8,"column":0},"end":{"line":8,"column":0}},"8":{"start":{"line":9,"column":0},"end":{"line":9,"column":70}},"9":{"start":{"line":10,"column":0},"end":{"line":10,"column":54}},"10":{"start":{"line":11,"column":0},"end":{"line":11,"column":0}},"11":{"start":{"line":12,"column":0},"end":{"line":12,"column":19}},"12":{"start":{"line":13,"column":0},"end":{"line":13,"column":58}},"13":{"start":{"line":14,"column":0},"end":{"line":14,"column":21}},"14":{"start":{"line":15,"column":0},"end":{"line":15,"column":32}},"15":{"start":{"line":16,"column":0},"end":{"line":16,"column":5}},"16":{"start":{"line":17,"column":0},"end":{"line":17,"column":9}},"17":{"start":{"line":18,"column":0},"end":{"line":18,"column":0}},"18":{"start":{"line":19,"column":0},"end":{"line":19,"column":19}},"19":{"start":{"line":20,"column":0},"end":{"line":20,"column":51}},"20":{"start":{"line":21,"column":0},"end":{"line":21,"column":19}},"21":{"start":{"line":22,"column":0},"end":{"line":22,"column":0}},"22":{"start":{"line":23,"column":0},"end":{"line":23,"column":76}},"23":{"start":{"line":24,"column":0},"end":{"line":24,"column":32}},"24":{"start":{"line":25,"column":0},"end":{"line":25,"column":17}},"25":{"start":{"line":26,"column":0},"end":{"line":26,"column":5}},"26":{"start":{"line":27,"column":0},"end":{"line":27,"column":4}},"27":{"start":{"line":28,"column":0},"end":{"line":28,"column":0}},"28":{"start":{"line":29,"column":0},"end":{"line":29,"column":10}},"29":{"start":{"line":30,"column":0},"end":{"line":30,"column":42}},"30":{"start":{"line":31,"column":0},"end":{"line":31,"column":31}},"31":{"start":{"line":32,"column":0},"end":{"line":32,"column":19}},"32":{"start":{"line":33,"column":0},"end":{"line":33,"column":28}},"33":{"start":{"line":34,"column":0},"end":{"line":34,"column":30}},"34":{"start":{"line":35,"column":0},"end":{"line":35,"column":26}},"35":{"start":{"line":36,"column":0},"end":{"line":36,"column":30}},"36":{"start":{"line":37,"column":0},"end":{"line":37,"column":44}},"37":{"start":{"line":38,"column":0},"end":{"line":38,"column":26}},"38":{"start":{"line":39,"column":0},"end":{"line":39,"column":10}},"39":{"start":{"line":40,"column":0},"end":{"line":40,"column":35}},"40":{"start":{"line":41,"column":0},"end":{"line":41,"column":8}},"41":{"start":{"line":42,"column":0},"end":{"line":42,"column":63}},"42":{"start":{"line":43,"column":0},"end":{"line":43,"column":14}},"43":{"start":{"line":44,"column":0},"end":{"line":44,"column":15}},"44":{"start":{"line":45,"column":0},"end":{"line":45,"column":10}},"45":{"start":{"line":46,"column":0},"end":{"line":46,"column":4}},"46":{"start":{"line":47,"column":0},"end":{"line":47,"column":2}},"47":{"start":{"line":48,"column":0},"end":{"line":48,"column":0}},"48":{"start":{"line":49,"column":0},"end":{"line":49,"column":25}}},"s":{"0":1,"1":1,"2":1,"3":1,"4":1,"5":1,"6":1,"7":1,"8":1,"9":0,"10":0,"11":0,"12":0,"13":0,"14":0,"15":0,"16":0,"17":0,"18":0,"19":0,"20":0,"21":0,"22":0,"23":0,"24":0,"25":0,"26":0,"27":0,"28":0,"29":0,"30":0,"31":0,"32":0,"33":0,"34":0,"35":0,"36":0,"37":0,"38":0,"39":0,"40":0,"41":0,"42":0,"43":0,"44":0,"45":0,"46":0,"47":1,"48":1},"branchMap":{},"b":{},"fnMap":{"0":{"name":"SearchBar","decl":{"start":{"line":9,"column":18},"end":{"line":47,"column":2}},"loc":{"start":{"line":9,"column":18},"end":{"line":47,"column":2}},"line":9}},"f":{"0":0}}
,"C:\\Users\\Aleksa\\Desktop\\apo\\REACT2023Q1\\src\\components\\SnackCard\\SnackCard.tsx": {"path":"C:\\Users\\Aleksa\\Desktop\\apo\\REACT2023Q1\\src\\components\\SnackCard\\SnackCard.tsx","all":false,"statementMap":{"0":{"start":{"line":1,"column":0},"end":{"line":1,"column":42}},"1":{"start":{"line":2,"column":0},"end":{"line":2,"column":26}},"2":{"start":{"line":3,"column":0},"end":{"line":3,"column":0}},"3":{"start":{"line":4,"column":0},"end":{"line":4,"column":26}},"4":{"start":{"line":5,"column":0},"end":{"line":5,"column":16}},"5":{"start":{"line":6,"column":0},"end":{"line":6,"column":1}},"6":{"start":{"line":7,"column":0},"end":{"line":7,"column":0}},"7":{"start":{"line":8,"column":0},"end":{"line":8,"column":63}},"8":{"start":{"line":9,"column":0},"end":{"line":9,"column":86}},"9":{"start":{"line":10,"column":0},"end":{"line":10,"column":0}},"10":{"start":{"line":11,"column":0},"end":{"line":11,"column":10}},"11":{"start":{"line":12,"column":0},"end":{"line":12,"column":37}},"12":{"start":{"line":13,"column":0},"end":{"line":13,"column":80}},"13":{"start":{"line":14,"column":0},"end":{"line":14,"column":10}},"14":{"start":{"line":15,"column":0},"end":{"line":15,"column":12}},"15":{"start":{"line":16,"column":0},"end":{"line":16,"column":37}},"16":{"start":{"line":17,"column":0},"end":{"line":17,"column":61}},"17":{"start":{"line":18,"column":0},"end":{"line":18,"column":82}},"18":{"start":{"line":19,"column":0},"end":{"line":19,"column":60}},"19":{"start":{"line":20,"column":0},"end":{"line":20,"column":76}},"20":{"start":{"line":21,"column":0},"end":{"line":21,"column":84}},"21":{"start":{"line":22,"column":0},"end":{"line":22,"column":12}},"22":{"start":{"line":23,"column":0},"end":{"line":23,"column":10}},"23":{"start":{"line":24,"column":0},"end":{"line":24,"column":4}},"24":{"start":{"line":25,"column":0},"end":{"line":25,"column":2}},"25":{"start":{"line":26,"column":0},"end":{"line":26,"column":0}},"26":{"start":{"line":27,"column":0},"end":{"line":27,"column":25}}},"s":{"0":1,"1":1,"2":1,"3":1,"4":1,"5":1,"6":1,"7":1,"8":1,"9":1,"10":1,"11":1,"12":1,"13":1,"14":1,"15":1,"16":1,"17":1,"18":1,"19":1,"20":1,"21":1,"22":1,"23":1,"24":1,"25":1,"26":1},"branchMap":{"0":{"type":"branch","line":8,"loc":{"start":{"line":8,"column":18},"end":{"line":25,"column":2}},"locations":[{"start":{"line":8,"column":18},"end":{"line":25,"column":2}}]}},"b":{"0":[1]},"fnMap":{"0":{"name":"SnackCard","decl":{"start":{"line":8,"column":18},"end":{"line":25,"column":2}},"loc":{"start":{"line":8,"column":18},"end":{"line":25,"column":2}},"line":8}},"f":{"0":1}}
,"C:\\Users\\Aleksa\\Desktop\\apo\\REACT2023Q1\\src\\components\\SnackCardList\\SnackCardList.tsx": {"path":"C:\\Users\\Aleksa\\Desktop\\apo\\REACT2023Q1\\src\\components\\SnackCardList\\SnackCardList.tsx","all":false,"statementMap":{"0":{"start":{"line":1,"column":0},"end":{"line":1,"column":42}},"1":{"start":{"line":2,"column":0},"end":{"line":2,"column":47}},"2":{"start":{"line":3,"column":0},"end":{"line":3,"column":0}},"3":{"start":{"line":4,"column":0},"end":{"line":4,"column":31}},"4":{"start":{"line":5,"column":0},"end":{"line":5,"column":19}},"5":{"start":{"line":6,"column":0},"end":{"line":6,"column":1}},"6":{"start":{"line":7,"column":0},"end":{"line":7,"column":0}},"7":{"start":{"line":8,"column":0},"end":{"line":8,"column":73}},"8":{"start":{"line":9,"column":0},"end":{"line":9,"column":33}},"9":{"start":{"line":10,"column":0},"end":{"line":10,"column":28}},"10":{"start":{"line":11,"column":0},"end":{"line":11,"column":43}},"11":{"start":{"line":12,"column":0},"end":{"line":12,"column":9}},"12":{"start":{"line":13,"column":0},"end":{"line":13,"column":76}},"13":{"start":{"line":14,"column":0},"end":{"line":14,"column":6}},"14":{"start":{"line":15,"column":0},"end":{"line":15,"column":8}},"15":{"start":{"line":16,"column":0},"end":{"line":16,"column":2}},"16":{"start":{"line":17,"column":0},"end":{"line":17,"column":0}},"17":{"start":{"line":18,"column":0},"end":{"line":18,"column":29}}},"s":{"0":1,"1":1,"2":1,"3":1,"4":1,"5":1,"6":1,"7":1,"8":2,"9":2,"10":2,"11":0,"12":0,"13":2,"14":2,"15":1,"16":1,"17":1},"branchMap":{"0":{"type":"branch","line":8,"loc":{"start":{"line":8,"column":22},"end":{"line":15,"column":8}},"locations":[{"start":{"line":8,"column":22},"end":{"line":15,"column":8}}]},"1":{"type":"branch","line":11,"loc":{"start":{"line":11,"column":38},"end":{"line":13,"column":76}},"locations":[{"start":{"line":11,"column":38},"end":{"line":13,"column":76}}]}},"b":{"0":[2],"1":[0]},"fnMap":{"0":{"name":"SnackCardList","decl":{"start":{"line":8,"column":22},"end":{"line":15,"column":8}},"loc":{"start":{"line":8,"column":22},"end":{"line":15,"column":8}},"line":8}},"f":{"0":2}}
,"C:\\Users\\Aleksa\\Desktop\\apo\\REACT2023Q1\\src\\components\\SnackForm\\SnackForm.tsx": {"path":"C:\\Users\\Aleksa\\Desktop\\apo\\REACT2023Q1\\src\\components\\SnackForm\\SnackForm.tsx","all":false,"statementMap":{"0":{"start":{"line":1,"column":0},"end":{"line":1,"column":34}},"1":{"start":{"line":2,"column":0},"end":{"line":2,"column":57}},"2":{"start":{"line":3,"column":0},"end":{"line":3,"column":59}},"3":{"start":{"line":4,"column":0},"end":{"line":4,"column":69}},"4":{"start":{"line":5,"column":0},"end":{"line":5,"column":63}},"5":{"start":{"line":6,"column":0},"end":{"line":6,"column":51}},"6":{"start":{"line":7,"column":0},"end":{"line":7,"column":63}},"7":{"start":{"line":8,"column":0},"end":{"line":8,"column":57}},"8":{"start":{"line":9,"column":0},"end":{"line":9,"column":36}},"9":{"start":{"line":10,"column":0},"end":{"line":10,"column":47}},"10":{"start":{"line":11,"column":0},"end":{"line":11,"column":0}},"11":{"start":{"line":12,"column":0},"end":{"line":12,"column":74}},"12":{"start":{"line":13,"column":0},"end":{"line":13,"column":9}},"13":{"start":{"line":14,"column":0},"end":{"line":14,"column":13}},"14":{"start":{"line":15,"column":0},"end":{"line":15,"column":17}},"15":{"start":{"line":16,"column":0},"end":{"line":16,"column":26}},"16":{"start":{"line":17,"column":0},"end":{"line":17,"column":10}},"17":{"start":{"line":18,"column":0},"end":{"line":18,"column":59}},"18":{"start":{"line":19,"column":0},"end":{"line":19,"column":0}},"19":{"start":{"line":20,"column":0},"end":{"line":20,"column":61}},"20":{"start":{"line":21,"column":0},"end":{"line":21,"column":15}},"21":{"start":{"line":22,"column":0},"end":{"line":22,"column":21}},"22":{"start":{"line":23,"column":0},"end":{"line":23,"column":14}},"23":{"start":{"line":24,"column":0},"end":{"line":24,"column":6}},"24":{"start":{"line":25,"column":0},"end":{"line":25,"column":21}},"25":{"start":{"line":26,"column":0},"end":{"line":26,"column":4}},"26":{"start":{"line":27,"column":0},"end":{"line":27,"column":0}},"27":{"start":{"line":28,"column":0},"end":{"line":28,"column":10}},"28":{"start":{"line":29,"column":0},"end":{"line":29,"column":32}},"29":{"start":{"line":30,"column":0},"end":{"line":30,"column":48}},"30":{"start":{"line":31,"column":0},"end":{"line":31,"column":75}},"31":{"start":{"line":32,"column":0},"end":{"line":32,"column":85}},"32":{"start":{"line":33,"column":0},"end":{"line":33,"column":67}},"33":{"start":{"line":34,"column":0},"end":{"line":34,"column":79}},"34":{"start":{"line":35,"column":0},"end":{"line":35,"column":79}},"35":{"start":{"line":36,"column":0},"end":{"line":36,"column":72}},"36":{"start":{"line":37,"column":0},"end":{"line":37,"column":53}},"37":{"start":{"line":38,"column":0},"end":{"line":38,"column":77}},"38":{"start":{"line":39,"column":0},"end":{"line":39,"column":16}},"39":{"start":{"line":40,"column":0},"end":{"line":40,"column":19}},"40":{"start":{"line":41,"column":0},"end":{"line":41,"column":82}},"41":{"start":{"line":42,"column":0},"end":{"line":42,"column":17}},"42":{"start":{"line":43,"column":0},"end":{"line":43,"column":19}},"43":{"start":{"line":44,"column":0},"end":{"line":44,"column":14}},"44":{"start":{"line":45,"column":0},"end":{"line":45,"column":13}},"45":{"start":{"line":46,"column":0},"end":{"line":46,"column":10}},"46":{"start":{"line":47,"column":0},"end":{"line":47,"column":4}},"47":{"start":{"line":48,"column":0},"end":{"line":48,"column":2}},"48":{"start":{"line":49,"column":0},"end":{"line":49,"column":0}},"49":{"start":{"line":50,"column":0},"end":{"line":50,"column":27}},"50":{"start":{"line":51,"column":0},"end":{"line":51,"column":41}},"51":{"start":{"line":52,"column":0},"end":{"line":52,"column":1}}},"s":{"0":1,"1":1,"2":1,"3":1,"4":1,"5":1,"6":1,"7":1,"8":1,"9":1,"10":1,"11":1,"12":2,"13":2,"14":2,"15":2,"16":2,"17":2,"18":2,"19":2,"20":2,"21":0,"22":0,"23":0,"24":2,"25":2,"26":2,"27":2,"28":2,"29":2,"30":2,"31":2,"32":2,"33":2,"34":2,"35":2,"36":2,"37":2,"38":2,"39":2,"40":2,"41":2,"42":2,"43":2,"44":2,"45":2,"46":2,"47":2,"48":1,"49":1,"50":1,"51":1},"branchMap":{"0":{"type":"branch","line":12,"loc":{"start":{"line":12,"column":25},"end":{"line":48,"column":2}},"locations":[{"start":{"line":12,"column":25},"end":{"line":48,"column":2}}]},"1":{"type":"branch","line":48,"loc":{"start":{"line":48,"column":0},"end":{"line":48,"column":2}},"locations":[{"start":{"line":48,"column":0},"end":{"line":48,"column":2}}]}},"b":{"0":[2],"1":[2]},"fnMap":{"0":{"name":"SnackForm","decl":{"start":{"line":12,"column":25},"end":{"line":48,"column":2}},"loc":{"start":{"line":12,"column":25},"end":{"line":48,"column":2}},"line":12},"1":{"name":"onClick","decl":{"start":{"line":41,"column":67},"end":{"line":41,"column":82}},"loc":{"start":{"line":41,"column":67},"end":{"line":41,"column":82}},"line":41},"2":{"name":"get","decl":{"start":{"line":48,"column":0},"end":{"line":48,"column":2}},"loc":{"start":{"line":48,"column":0},"end":{"line":48,"column":2}},"line":48}},"f":{"0":2,"1":0,"2":2}}
,"C:\\Users\\Aleksa\\Desktop\\apo\\REACT2023Q1\\src\\components\\ui\\Button.tsx": {"path":"C:\\Users\\Aleksa\\Desktop\\apo\\REACT2023Q1\\src\\components\\ui\\Button.tsx","all":false,"statementMap":{"0":{"start":{"line":1,"column":0},"end":{"line":1,"column":45}},"1":{"start":{"line":2,"column":0},"end":{"line":2,"column":0}},"2":{"start":{"line":3,"column":0},"end":{"line":3,"column":20}},"3":{"start":{"line":4,"column":0},"end":{"line":4,"column":34}},"4":{"start":{"line":5,"column":0},"end":{"line":5,"column":44}},"5":{"start":{"line":6,"column":0},"end":{"line":6,"column":0}},"6":{"start":{"line":7,"column":0},"end":{"line":7,"column":80}},"7":{"start":{"line":8,"column":0},"end":{"line":8,"column":75}},"8":{"start":{"line":9,"column":0},"end":{"line":9,"column":2}},"9":{"start":{"line":10,"column":0},"end":{"line":10,"column":0}},"10":{"start":{"line":11,"column":0},"end":{"line":11,"column":22}}},"s":{"0":1,"1":1,"2":1,"3":1,"4":1,"5":1,"6":1,"7":4,"8":1,"9":1,"10":1},"branchMap":{"0":{"type":"branch","line":7,"loc":{"start":{"line":7,"column":15},"end":{"line":8,"column":75}},"locations":[{"start":{"line":7,"column":15},"end":{"line":8,"column":75}}]}},"b":{"0":[4]},"fnMap":{"0":{"name":"Button","decl":{"start":{"line":7,"column":15},"end":{"line":8,"column":75}},"loc":{"start":{"line":7,"column":15},"end":{"line":8,"column":75}},"line":7}},"f":{"0":4}}
,"C:\\Users\\Aleksa\\Desktop\\apo\\REACT2023Q1\\src\\core\\config\\api.tsx": {"path":"C:\\Users\\Aleksa\\Desktop\\apo\\REACT2023Q1\\src\\core\\config\\api.tsx","all":false,"statementMap":{"0":{"start":{"line":1,"column":0},"end":{"line":1,"column":51}},"1":{"start":{"line":2,"column":0},"end":{"line":2,"column":49}},"2":{"start":{"line":3,"column":0},"end":{"line":3,"column":0}},"3":{"start":{"line":4,"column":0},"end":{"line":4,"column":25}},"4":{"start":{"line":5,"column":0},"end":{"line":5,"column":15}},"5":{"start":{"line":6,"column":0},"end":{"line":6,"column":13}},"6":{"start":{"line":7,"column":0},"end":{"line":7,"column":14}},"7":{"start":{"line":8,"column":0},"end":{"line":8,"column":15}},"8":{"start":{"line":9,"column":0},"end":{"line":9,"column":17}},"9":{"start":{"line":10,"column":0},"end":{"line":10,"column":16}},"10":{"start":{"line":11,"column":0},"end":{"line":11,"column":17}},"11":{"start":{"line":12,"column":0},"end":{"line":12,"column":11}},"12":{"start":{"line":13,"column":0},"end":{"line":13,"column":19}},"13":{"start":{"line":14,"column":0},"end":{"line":14,"column":18}},"14":{"start":{"line":15,"column":0},"end":{"line":15,"column":6}},"15":{"start":{"line":16,"column":0},"end":{"line":16,"column":4}},"16":{"start":{"line":17,"column":0},"end":{"line":17,"column":1}},"17":{"start":{"line":18,"column":0},"end":{"line":18,"column":0}},"18":{"start":{"line":19,"column":0},"end":{"line":19,"column":73}},"19":{"start":{"line":20,"column":0},"end":{"line":20,"column":114}},"20":{"start":{"line":21,"column":0},"end":{"line":21,"column":43}},"21":{"start":{"line":22,"column":0},"end":{"line":22,"column":37}},"22":{"start":{"line":23,"column":0},"end":{"line":23,"column":42}},"23":{"start":{"line":24,"column":0},"end":{"line":24,"column":51}},"24":{"start":{"line":25,"column":0},"end":{"line":25,"column":33}},"25":{"start":{"line":26,"column":0},"end":{"line":26,"column":14}},"26":{"start":{"line":27,"column":0},"end":{"line":27,"column":20}},"27":{"start":{"line":28,"column":0},"end":{"line":28,"column":26}},"28":{"start":{"line":29,"column":0},"end":{"line":29,"column":28}},"29":{"start":{"line":30,"column":0},"end":{"line":30,"column":28}},"30":{"start":{"line":31,"column":0},"end":{"line":31,"column":24}},"31":{"start":{"line":32,"column":0},"end":{"line":32,"column":47}},"32":{"start":{"line":33,"column":0},"end":{"line":33,"column":8}},"33":{"start":{"line":34,"column":0},"end":{"line":34,"column":7}},"34":{"start":{"line":35,"column":0},"end":{"line":35,"column":3}},"35":{"start":{"line":36,"column":0},"end":{"line":36,"column":12}},"36":{"start":{"line":37,"column":0},"end":{"line":37,"column":1}}},"s":{"0":1,"1":1,"2":1,"3":1,"4":1,"5":1,"6":1,"7":1,"8":1,"9":1,"10":1,"11":1,"12":1,"13":1,"14":1,"15":1,"16":1,"17":1,"18":0,"19":0,"20":0,"21":0,"22":0,"23":0,"24":0,"25":0,"26":0,"27":0,"28":0,"29":0,"30":0,"31":0,"32":0,"33":0,"34":0,"35":0,"36":0},"branchMap":{},"b":{},"fnMap":{"0":{"name":"searchGifs","decl":{"start":{"line":19,"column":0},"end":{"line":37,"column":1}},"loc":{"start":{"line":19,"column":0},"end":{"line":37,"column":1}},"line":19},"1":{"name":"get","decl":{"start":{"line":37,"column":0},"end":{"line":37,"column":1}},"loc":{"start":{"line":37,"column":0},"end":{"line":37,"column":1}},"line":37}},"f":{"0":0,"1":0}}
,"C:\\Users\\Aleksa\\Desktop\\apo\\REACT2023Q1\\src\\core\\config\\routes.config.tsx": {"path":"C:\\Users\\Aleksa\\Desktop\\apo\\REACT2023Q1\\src\\core\\config\\routes.config.tsx","all":false,"statementMap":{"0":{"start":{"line":1,"column":0},"end":{"line":1,"column":26}},"1":{"start":{"line":2,"column":0},"end":{"line":2,"column":44}},"2":{"start":{"line":3,"column":0},"end":{"line":3,"column":46}},"3":{"start":{"line":4,"column":0},"end":{"line":4,"column":44}},"4":{"start":{"line":5,"column":0},"end":{"line":5,"column":52}},"5":{"start":{"line":6,"column":0},"end":{"line":6,"column":0}},"6":{"start":{"line":7,"column":0},"end":{"line":7,"column":23}},"7":{"start":{"line":8,"column":0},"end":{"line":8,"column":3}},"8":{"start":{"line":9,"column":0},"end":{"line":9,"column":14}},"9":{"start":{"line":10,"column":0},"end":{"line":10,"column":26}},"10":{"start":{"line":11,"column":0},"end":{"line":11,"column":4}},"11":{"start":{"line":12,"column":0},"end":{"line":12,"column":3}},"12":{"start":{"line":13,"column":0},"end":{"line":13,"column":19}},"13":{"start":{"line":14,"column":0},"end":{"line":14,"column":27}},"14":{"start":{"line":15,"column":0},"end":{"line":15,"column":4}},"15":{"start":{"line":16,"column":0},"end":{"line":16,"column":3}},"16":{"start":{"line":17,"column":0},"end":{"line":17,"column":18}},"17":{"start":{"line":18,"column":0},"end":{"line":18,"column":26}},"18":{"start":{"line":19,"column":0},"end":{"line":19,"column":4}},"19":{"start":{"line":20,"column":0},"end":{"line":20,"column":3}},"20":{"start":{"line":21,"column":0},"end":{"line":21,"column":14}},"21":{"start":{"line":22,"column":0},"end":{"line":22,"column":30}},"22":{"start":{"line":23,"column":0},"end":{"line":23,"column":4}},"23":{"start":{"line":24,"column":0},"end":{"line":24,"column":2}}},"s":{"0":1,"1":1,"2":1,"3":1,"4":1,"5":1,"6":1,"7":1,"8":1,"9":1,"10":1,"11":1,"12":1,"13":1,"14":1,"15":1,"16":1,"17":1,"18":1,"19":1,"20":1,"21":1,"22":1,"23":2},"branchMap":{"0":{"type":"branch","line":24,"loc":{"start":{"line":24,"column":0},"end":{"line":24,"column":2}},"locations":[{"start":{"line":24,"column":0},"end":{"line":24,"column":2}}]}},"b":{"0":[2]},"fnMap":{"0":{"name":"get","decl":{"start":{"line":24,"column":0},"end":{"line":24,"column":2}},"loc":{"start":{"line":24,"column":0},"end":{"line":24,"column":2}},"line":24}},"f":{"0":2}}
,"C:\\Users\\Aleksa\\Desktop\\apo\\REACT2023Q1\\src\\core\\constants\\routes.ts": {"path":"C:\\Users\\Aleksa\\Desktop\\apo\\REACT2023Q1\\src\\core\\constants\\routes.ts","all":false,"statementMap":{"0":{"start":{"line":1,"column":0},"end":{"line":1,"column":22}},"1":{"start":{"line":2,"column":0},"end":{"line":2,"column":12}},"2":{"start":{"line":3,"column":0},"end":{"line":3,"column":18}},"3":{"start":{"line":4,"column":0},"end":{"line":4,"column":16}},"4":{"start":{"line":5,"column":0},"end":{"line":5,"column":2}},"5":{"start":{"line":6,"column":0},"end":{"line":6,"column":0}},"6":{"start":{"line":7,"column":0},"end":{"line":7,"column":29}},"7":{"start":{"line":8,"column":0},"end":{"line":8,"column":37}},"8":{"start":{"line":9,"column":0},"end":{"line":9,"column":39}},"9":{"start":{"line":10,"column":0},"end":{"line":10,"column":37}},"10":{"start":{"line":11,"column":0},"end":{"line":11,"column":2}}},"s":{"0":1,"1":1,"2":1,"3":1,"4":4,"5":1,"6":1,"7":1,"8":1,"9":1,"10":1},"branchMap":{"0":{"type":"branch","line":5,"loc":{"start":{"line":5,"column":0},"end":{"line":5,"column":2}},"locations":[{"start":{"line":5,"column":0},"end":{"line":5,"column":2}}]},"1":{"type":"branch","line":11,"loc":{"start":{"line":11,"column":0},"end":{"line":11,"column":2}},"locations":[{"start":{"line":11,"column":0},"end":{"line":11,"column":2}}]}},"b":{"0":[4],"1":[1]},"fnMap":{"0":{"name":"get","decl":{"start":{"line":5,"column":0},"end":{"line":5,"column":2}},"loc":{"start":{"line":5,"column":0},"end":{"line":5,"column":2}},"line":5},"1":{"name":"get","decl":{"start":{"line":11,"column":0},"end":{"line":11,"column":2}},"loc":{"start":{"line":11,"column":0},"end":{"line":11,"column":2}},"line":11}},"f":{"0":4,"1":1}}
,"C:\\Users\\Aleksa\\Desktop\\apo\\REACT2023Q1\\src\\core\\utils\\createUrl.ts": {"path":"C:\\Users\\Aleksa\\Desktop\\apo\\REACT2023Q1\\src\\core\\utils\\createUrl.ts","all":false,"statementMap":{"0":{"start":{"line":1,"column":0},"end":{"line":1,"column":61}},"1":{"start":{"line":2,"column":0},"end":{"line":2,"column":60}}},"s":{"0":1,"1":1},"branchMap":{"0":{"type":"branch","line":2,"loc":{"start":{"line":2,"column":57},"end":{"line":2,"column":60}},"locations":[{"start":{"line":2,"column":57},"end":{"line":2,"column":60}}]},"1":{"type":"branch","line":2,"loc":{"start":{"line":2,"column":57},"end":{"line":2,"column":60}},"locations":[{"start":{"line":2,"column":57},"end":{"line":2,"column":60}}]},"2":{"type":"branch","line":2,"loc":{"start":{"line":2,"column":57},"end":{"line":2,"column":60}},"locations":[{"start":{"line":2,"column":57},"end":{"line":2,"column":60}}]},"3":{"type":"branch","line":2,"loc":{"start":{"line":2,"column":57},"end":{"line":2,"column":60}},"locations":[{"start":{"line":2,"column":57},"end":{"line":2,"column":60}}]}},"b":{"0":[1],"1":[0],"2":[0],"3":[1]},"fnMap":{"0":{"name":"createUrl","decl":{"start":{"line":2,"column":57},"end":{"line":2,"column":60}},"loc":{"start":{"line":2,"column":57},"end":{"line":2,"column":60}},"line":2},"1":{"name":"get","decl":{"start":{"line":2,"column":57},"end":{"line":2,"column":60}},"loc":{"start":{"line":2,"column":57},"end":{"line":2,"column":60}},"line":2}},"f":{"0":1,"1":1}}
,"C:\\Users\\Aleksa\\Desktop\\apo\\REACT2023Q1\\src\\core\\utils\\message.tsx": {"path":"C:\\Users\\Aleksa\\Desktop\\apo\\REACT2023Q1\\src\\core\\utils\\message.tsx","all":false,"statementMap":{"0":{"start":{"line":1,"column":0},"end":{"line":1,"column":25}},"1":{"start":{"line":2,"column":0},"end":{"line":2,"column":18}},"2":{"start":{"line":3,"column":0},"end":{"line":3,"column":1}},"3":{"start":{"line":4,"column":0},"end":{"line":4,"column":0}},"4":{"start":{"line":5,"column":0},"end":{"line":5,"column":62}},"5":{"start":{"line":6,"column":0},"end":{"line":6,"column":27}},"6":{"start":{"line":7,"column":0},"end":{"line":7,"column":26}},"7":{"start":{"line":8,"column":0},"end":{"line":8,"column":8}},"8":{"start":{"line":9,"column":0},"end":{"line":9,"column":2}},"9":{"start":{"line":10,"column":0},"end":{"line":10,"column":0}},"10":{"start":{"line":11,"column":0},"end":{"line":11,"column":23}}},"s":{"0":1,"1":1,"2":1,"3":1,"4":1,"5":1,"6":1,"7":1,"8":1,"9":1,"10":1},"branchMap":{"0":{"type":"branch","line":5,"loc":{"start":{"line":5,"column":16},"end":{"line":8,"column":8}},"locations":[{"start":{"line":5,"column":16},"end":{"line":8,"column":8}}]}},"b":{"0":[1]},"fnMap":{"0":{"name":"Message","decl":{"start":{"line":5,"column":16},"end":{"line":8,"column":8}},"loc":{"start":{"line":5,"column":16},"end":{"line":8,"column":8}},"line":5}},"f":{"0":1}}
,"C:\\Users\\Aleksa\\Desktop\\apo\\REACT2023Q1\\src\\core\\utils\\validation.ts": {"path":"C:\\Users\\Aleksa\\Desktop\\apo\\REACT2023Q1\\src\\core\\utils\\validation.ts","all":false,"statementMap":{"0":{"start":{"line":1,"column":0},"end":{"line":1,"column":71}},"1":{"start":{"line":2,"column":0},"end":{"line":2,"column":0}},"2":{"start":{"line":3,"column":0},"end":{"line":3,"column":79}},"3":{"start":{"line":4,"column":0},"end":{"line":4,"column":21}},"4":{"start":{"line":5,"column":0},"end":{"line":5,"column":23}},"5":{"start":{"line":6,"column":0},"end":{"line":6,"column":54}},"6":{"start":{"line":7,"column":0},"end":{"line":7,"column":45}},"7":{"start":{"line":8,"column":0},"end":{"line":8,"column":11}},"8":{"start":{"line":9,"column":0},"end":{"line":9,"column":2}},"9":{"start":{"line":10,"column":0},"end":{"line":10,"column":0}},"10":{"start":{"line":11,"column":0},"end":{"line":11,"column":73}},"11":{"start":{"line":12,"column":0},"end":{"line":12,"column":48}},"12":{"start":{"line":13,"column":0},"end":{"line":13,"column":30}},"13":{"start":{"line":14,"column":0},"end":{"line":14,"column":34}},"14":{"start":{"line":15,"column":0},"end":{"line":15,"column":3}},"15":{"start":{"line":16,"column":0},"end":{"line":16,"column":14}},"16":{"start":{"line":17,"column":0},"end":{"line":17,"column":2}},"17":{"start":{"line":18,"column":0},"end":{"line":18,"column":0}},"18":{"start":{"line":19,"column":0},"end":{"line":19,"column":73}},"19":{"start":{"line":20,"column":0},"end":{"line":20,"column":26}},"20":{"start":{"line":21,"column":0},"end":{"line":21,"column":42}},"21":{"start":{"line":22,"column":0},"end":{"line":22,"column":36}},"22":{"start":{"line":23,"column":0},"end":{"line":23,"column":58}},"23":{"start":{"line":24,"column":0},"end":{"line":24,"column":3}},"24":{"start":{"line":25,"column":0},"end":{"line":25,"column":0}},"25":{"start":{"line":26,"column":0},"end":{"line":26,"column":14}},"26":{"start":{"line":27,"column":0},"end":{"line":27,"column":2}},"27":{"start":{"line":28,"column":0},"end":{"line":28,"column":0}},"28":{"start":{"line":29,"column":0},"end":{"line":29,"column":65}},"29":{"start":{"line":30,"column":0},"end":{"line":30,"column":60}},"30":{"start":{"line":31,"column":0},"end":{"line":31,"column":0}},"31":{"start":{"line":32,"column":0},"end":{"line":32,"column":65}},"32":{"start":{"line":33,"column":0},"end":{"line":33,"column":57}},"33":{"start":{"line":34,"column":0},"end":{"line":34,"column":50}},"34":{"start":{"line":35,"column":0},"end":{"line":35,"column":14}},"35":{"start":{"line":36,"column":0},"end":{"line":36,"column":2}},"36":{"start":{"line":37,"column":0},"end":{"line":37,"column":0}},"37":{"start":{"line":38,"column":0},"end":{"line":38,"column":87}},"38":{"start":{"line":39,"column":0},"end":{"line":39,"column":58}},"39":{"start":{"line":40,"column":0},"end":{"line":40,"column":37}},"40":{"start":{"line":41,"column":0},"end":{"line":41,"column":3}},"41":{"start":{"line":42,"column":0},"end":{"line":42,"column":14}},"42":{"start":{"line":43,"column":0},"end":{"line":43,"column":2}}},"s":{"0":1,"1":1,"2":1,"3":0,"4":0,"5":0,"6":0,"7":0,"8":0,"9":1,"10":1,"11":3,"12":3,"13":2,"14":2,"15":1,"16":3,"17":1,"18":1,"19":3,"20":1,"21":3,"22":1,"23":1,"24":1,"25":1,"26":3,"27":1,"28":1,"29":2,"30":1,"31":1,"32":3,"33":3,"34":1,"35":3,"36":1,"37":1,"38":1,"39":1,"40":1,"41":0,"42":1},"branchMap":{"0":{"type":"branch","line":11,"loc":{"start":{"line":11,"column":39},"end":{"line":17,"column":2}},"locations":[{"start":{"line":11,"column":39},"end":{"line":17,"column":2}}]},"1":{"type":"branch","line":13,"loc":{"start":{"line":13,"column":7},"end":{"line":13,"column":29}},"locations":[{"start":{"line":13,"column":7},"end":{"line":13,"column":29}}]},"2":{"type":"branch","line":13,"loc":{"start":{"line":13,"column":29},"end":{"line":15,"column":3}},"locations":[{"start":{"line":13,"column":29},"end":{"line":15,"column":3}}]},"3":{"type":"branch","line":15,"loc":{"start":{"line":15,"column":2},"end":{"line":17,"column":2}},"locations":[{"start":{"line":15,"column":2},"end":{"line":17,"column":2}}]},"4":{"type":"branch","line":17,"loc":{"start":{"line":17,"column":0},"end":{"line":17,"column":2}},"locations":[{"start":{"line":17,"column":0},"end":{"line":17,"column":2}}]},"5":{"type":"branch","line":19,"loc":{"start":{"line":19,"column":34},"end":{"line":27,"column":2}},"locations":[{"start":{"line":19,"column":34},"end":{"line":27,"column":2}}]},"6":{"type":"branch","line":20,"loc":{"start":{"line":20,"column":25},"end":{"line":22,"column":13}},"locations":[{"start":{"line":20,"column":25},"end":{"line":22,"column":13}}]},"7":{"type":"branch","line":22,"loc":{"start":{"line":22,"column":2},"end":{"line":24,"column":3}},"locations":[{"start":{"line":22,"column":2},"end":{"line":24,"column":3}}]},"8":{"type":"branch","line":22,"loc":{"start":{"line":22,"column":35},"end":{"line":24,"column":3}},"locations":[{"start":{"line":22,"column":35},"end":{"line":24,"column":3}}]},"9":{"type":"branch","line":24,"loc":{"start":{"line":24,"column":2},"end":{"line":27,"column":2}},"locations":[{"start":{"line":24,"column":2},"end":{"line":27,"column":2}}]},"10":{"type":"branch","line":27,"loc":{"start":{"line":27,"column":0},"end":{"line":27,"column":2}},"locations":[{"start":{"line":27,"column":0},"end":{"line":27,"column":2}}]},"11":{"type":"branch","line":29,"loc":{"start":{"line":29,"column":29},"end":{"line":30,"column":60}},"locations":[{"start":{"line":29,"column":29},"end":{"line":30,"column":60}}]},"12":{"type":"branch","line":30,"loc":{"start":{"line":30,"column":2},"end":{"line":30,"column":20}},"locations":[{"start":{"line":30,"column":2},"end":{"line":30,"column":20}}]},"13":{"type":"branch","line":30,"loc":{"start":{"line":30,"column":13},"end":{"line":30,"column":60}},"locations":[{"start":{"line":30,"column":13},"end":{"line":30,"column":60}}]},"14":{"type":"branch","line":30,"loc":{"start":{"line":30,"column":20},"end":{"line":30,"column":60}},"locations":[{"start":{"line":30,"column":20},"end":{"line":30,"column":60}}]},"15":{"type":"branch","line":32,"loc":{"start":{"line":32,"column":30},"end":{"line":36,"column":2}},"locations":[{"start":{"line":32,"column":30},"end":{"line":36,"column":2}}]},"16":{"type":"branch","line":33,"loc":{"start":{"line":33,"column":14},"end":{"line":33,"column":57}},"locations":[{"start":{"line":33,"column":14},"end":{"line":33,"column":57}}]},"17":{"type":"branch","line":33,"loc":{"start":{"line":33,"column":21},"end":{"line":34,"column":28}},"locations":[{"start":{"line":33,"column":21},"end":{"line":34,"column":28}}]},"18":{"type":"branch","line":34,"loc":{"start":{"line":34,"column":21},"end":{"line":36,"column":2}},"locations":[{"start":{"line":34,"column":21},"end":{"line":36,"column":2}}]},"19":{"type":"branch","line":36,"loc":{"start":{"line":36,"column":0},"end":{"line":36,"column":2}},"locations":[{"start":{"line":36,"column":0},"end":{"line":36,"column":2}}]},"20":{"type":"branch","line":38,"loc":{"start":{"line":38,"column":36},"end":{"line":43,"column":2}},"locations":[{"start":{"line":38,"column":36},"end":{"line":43,"column":2}}]},"21":{"type":"branch","line":39,"loc":{"start":{"line":39,"column":22},"end":{"line":39,"column":57}},"locations":[{"start":{"line":39,"column":22},"end":{"line":39,"column":57}}]},"22":{"type":"branch","line":41,"loc":{"start":{"line":41,"column":2},"end":{"line":43,"column":2}},"locations":[{"start":{"line":41,"column":2},"end":{"line":43,"column":2}}]},"23":{"type":"branch","line":43,"loc":{"start":{"line":43,"column":0},"end":{"line":43,"column":2}},"locations":[{"start":{"line":43,"column":0},"end":{"line":43,"column":2}}]}},"b":{"0":[3],"1":[2],"2":[2],"3":[1],"4":[3],"5":[3],"6":[1],"7":[2],"8":[1],"9":[1],"10":[3],"11":[2],"12":[1],"13":[1],"14":[2],"15":[3],"16":[1],"17":[2],"18":[1],"19":[3],"20":[1],"21":[0],"22":[0],"23":[1]},"fnMap":{"0":{"name":"snackImageFileValidator","decl":{"start":{"line":3,"column":39},"end":{"line":9,"column":2}},"loc":{"start":{"line":3,"column":39},"end":{"line":9,"column":2}},"line":3},"1":{"name":"get","decl":{"start":{"line":9,"column":0},"end":{"line":9,"column":2}},"loc":{"start":{"line":9,"column":0},"end":{"line":9,"column":2}},"line":9},"2":{"name":"productionDateValidator","decl":{"start":{"line":11,"column":39},"end":{"line":17,"column":2}},"loc":{"start":{"line":11,"column":39},"end":{"line":17,"column":2}},"line":11},"3":{"name":"get","decl":{"start":{"line":17,"column":0},"end":{"line":17,"column":2}},"loc":{"start":{"line":17,"column":0},"end":{"line":17,"column":2}},"line":17},"4":{"name":"snackNameValidator","decl":{"start":{"line":19,"column":34},"end":{"line":27,"column":2}},"loc":{"start":{"line":19,"column":34},"end":{"line":27,"column":2}},"line":19},"5":{"name":"get","decl":{"start":{"line":27,"column":0},"end":{"line":27,"column":2}},"loc":{"start":{"line":27,"column":0},"end":{"line":27,"column":2}},"line":27},"6":{"name":"modeValidator","decl":{"start":{"line":29,"column":29},"end":{"line":30,"column":60}},"loc":{"start":{"line":29,"column":29},"end":{"line":30,"column":60}},"line":29},"7":{"name":"get","decl":{"start":{"line":30,"column":20},"end":{"line":30,"column":60}},"loc":{"start":{"line":30,"column":20},"end":{"line":30,"column":60}},"line":30},"8":{"name":"tasteValidator","decl":{"start":{"line":32,"column":30},"end":{"line":36,"column":2}},"loc":{"start":{"line":32,"column":30},"end":{"line":36,"column":2}},"line":32},"9":{"name":"get","decl":{"start":{"line":36,"column":0},"end":{"line":36,"column":2}},"loc":{"start":{"line":36,"column":0},"end":{"line":36,"column":2}},"line":36},"10":{"name":"ingredientsValidator","decl":{"start":{"line":38,"column":36},"end":{"line":43,"column":2}},"loc":{"start":{"line":38,"column":36},"end":{"line":43,"column":2}},"line":38},"11":{"name":"get","decl":{"start":{"line":43,"column":0},"end":{"line":43,"column":2}},"loc":{"start":{"line":43,"column":0},"end":{"line":43,"column":2}},"line":43}},"f":{"0":0,"1":0,"2":3,"3":3,"4":3,"5":3,"6":2,"7":2,"8":3,"9":3,"10":1,"11":1}}
,"C:\\Users\\Aleksa\\Desktop\\apo\\REACT2023Q1\\src\\entities\\snack\\Ingredients.tsx": {"path":"C:\\Users\\Aleksa\\Desktop\\apo\\REACT2023Q1\\src\\entities\\snack\\Ingredients.tsx","all":false,"statementMap":{"0":{"start":{"line":1,"column":0},"end":{"line":1,"column":67}},"1":{"start":{"line":2,"column":0},"end":{"line":2,"column":50}},"2":{"start":{"line":3,"column":0},"end":{"line":3,"column":50}},"3":{"start":{"line":4,"column":0},"end":{"line":4,"column":33}},"4":{"start":{"line":5,"column":0},"end":{"line":5,"column":0}},"5":{"start":{"line":6,"column":0},"end":{"line":6,"column":77}},"6":{"start":{"line":7,"column":0},"end":{"line":7,"column":68}},"7":{"start":{"line":8,"column":0},"end":{"line":8,"column":48}},"8":{"start":{"line":9,"column":0},"end":{"line":9,"column":26}},"9":{"start":{"line":10,"column":0},"end":{"line":10,"column":34}},"10":{"start":{"line":11,"column":0},"end":{"line":11,"column":32}},"11":{"start":{"line":12,"column":0},"end":{"line":12,"column":40}},"12":{"start":{"line":13,"column":0},"end":{"line":13,"column":18}},"13":{"start":{"line":14,"column":0},"end":{"line":14,"column":35}},"14":{"start":{"line":15,"column":0},"end":{"line":15,"column":27}},"15":{"start":{"line":16,"column":0},"end":{"line":16,"column":87}},"16":{"start":{"line":17,"column":0},"end":{"line":17,"column":18}},"17":{"start":{"line":18,"column":0},"end":{"line":18,"column":17}},"18":{"start":{"line":19,"column":0},"end":{"line":19,"column":29}},"19":{"start":{"line":20,"column":0},"end":{"line":20,"column":36}},"20":{"start":{"line":21,"column":0},"end":{"line":21,"column":44}},"21":{"start":{"line":22,"column":0},"end":{"line":22,"column":29}},"22":{"start":{"line":23,"column":0},"end":{"line":23,"column":19}},"23":{"start":{"line":24,"column":0},"end":{"line":24,"column":21}},"24":{"start":{"line":25,"column":0},"end":{"line":25,"column":23}},"25":{"start":{"line":26,"column":0},"end":{"line":26,"column":19}},"26":{"start":{"line":27,"column":0},"end":{"line":27,"column":9}},"27":{"start":{"line":28,"column":0},"end":{"line":28,"column":10}},"28":{"start":{"line":29,"column":0},"end":{"line":29,"column":94}},"29":{"start":{"line":30,"column":0},"end":{"line":30,"column":8}},"30":{"start":{"line":31,"column":0},"end":{"line":31,"column":2}}},"s":{"0":1,"1":1,"2":1,"3":1,"4":1,"5":1,"6":2,"7":2,"8":2,"9":2,"10":12,"11":12,"12":12,"13":12,"14":12,"15":12,"16":12,"17":12,"18":12,"19":12,"20":12,"21":12,"22":12,"23":12,"24":12,"25":12,"26":2,"27":2,"28":2,"29":2,"30":1},"branchMap":{"0":{"type":"branch","line":6,"loc":{"start":{"line":6,"column":27},"end":{"line":30,"column":8}},"locations":[{"start":{"line":6,"column":27},"end":{"line":30,"column":8}}]},"1":{"type":"branch","line":29,"loc":{"start":{"line":29,"column":46},"end":{"line":29,"column":88}},"locations":[{"start":{"line":29,"column":46},"end":{"line":29,"column":88}}]},"2":{"type":"branch","line":10,"loc":{"start":{"line":10,"column":23},"end":{"line":26,"column":19}},"locations":[{"start":{"line":10,"column":23},"end":{"line":26,"column":19}}]},"3":{"type":"branch","line":30,"loc":{"start":{"line":30,"column":2},"end":{"line":30,"column":8}},"locations":[{"start":{"line":30,"column":2},"end":{"line":30,"column":8}}]}},"b":{"0":[2],"1":[0],"2":[12],"3":[2]},"fnMap":{"0":{"name":"Ingredients","decl":{"start":{"line":6,"column":27},"end":{"line":30,"column":8}},"loc":{"start":{"line":6,"column":27},"end":{"line":30,"column":8}},"line":6},"1":{"name":"checkIngredients","decl":{"start":{"line":16,"column":36},"end":{"line":16,"column":87}},"loc":{"start":{"line":16,"column":36},"end":{"line":16,"column":87}},"line":16},"2":{"name":"get","decl":{"start":{"line":30,"column":2},"end":{"line":30,"column":8}},"loc":{"start":{"line":30,"column":2},"end":{"line":30,"column":8}},"line":30}},"f":{"0":2,"1":0,"2":2}}
,"C:\\Users\\Aleksa\\Desktop\\apo\\REACT2023Q1\\src\\entities\\snack\\ProductionDate.tsx": {"path":"C:\\Users\\Aleksa\\Desktop\\apo\\REACT2023Q1\\src\\entities\\snack\\ProductionDate.tsx","all":false,"statementMap":{"0":{"start":{"line":1,"column":0},"end":{"line":1,"column":50}},"1":{"start":{"line":2,"column":0},"end":{"line":2,"column":70}},"2":{"start":{"line":3,"column":0},"end":{"line":3,"column":0}},"3":{"start":{"line":4,"column":0},"end":{"line":4,"column":80}},"4":{"start":{"line":5,"column":0},"end":{"line":5,"column":90}},"5":{"start":{"line":6,"column":0},"end":{"line":6,"column":74}},"6":{"start":{"line":7,"column":0},"end":{"line":7,"column":10}},"7":{"start":{"line":8,"column":0},"end":{"line":8,"column":27}},"8":{"start":{"line":9,"column":0},"end":{"line":9,"column":87}},"9":{"start":{"line":10,"column":0},"end":{"line":10,"column":9}},"10":{"start":{"line":11,"column":0},"end":{"line":11,"column":45}},"11":{"start":{"line":12,"column":0},"end":{"line":12,"column":40}},"12":{"start":{"line":13,"column":0},"end":{"line":13,"column":17}},"13":{"start":{"line":14,"column":0},"end":{"line":14,"column":22}},"14":{"start":{"line":15,"column":0},"end":{"line":15,"column":22}},"15":{"start":{"line":16,"column":0},"end":{"line":16,"column":6}},"16":{"start":{"line":17,"column":0},"end":{"line":17,"column":61}},"17":{"start":{"line":18,"column":0},"end":{"line":18,"column":62}},"18":{"start":{"line":19,"column":0},"end":{"line":19,"column":10}},"19":{"start":{"line":20,"column":0},"end":{"line":20,"column":8}},"20":{"start":{"line":21,"column":0},"end":{"line":21,"column":2}}},"s":{"0":1,"1":1,"2":1,"3":1,"4":2,"5":2,"6":2,"7":2,"8":2,"9":2,"10":2,"11":2,"12":2,"13":2,"14":2,"15":2,"16":2,"17":2,"18":2,"19":2,"20":1},"branchMap":{"0":{"type":"branch","line":4,"loc":{"start":{"line":4,"column":30},"end":{"line":20,"column":8}},"locations":[{"start":{"line":4,"column":30},"end":{"line":20,"column":8}}]},"1":{"type":"branch","line":18,"loc":{"start":{"line":18,"column":14},"end":{"line":18,"column":62}},"locations":[{"start":{"line":18,"column":14},"end":{"line":18,"column":62}}]},"2":{"type":"branch","line":20,"loc":{"start":{"line":20,"column":2},"end":{"line":20,"column":8}},"locations":[{"start":{"line":20,"column":2},"end":{"line":20,"column":8}}]}},"b":{"0":[2],"1":[0],"2":[2]},"fnMap":{"0":{"name":"ProductionDate","decl":{"start":{"line":4,"column":30},"end":{"line":20,"column":8}},"loc":{"start":{"line":4,"column":30},"end":{"line":20,"column":8}},"line":4},"1":{"name":"checkProductionDate","decl":{"start":{"line":9,"column":41},"end":{"line":9,"column":85}},"loc":{"start":{"line":9,"column":41},"end":{"line":9,"column":85}},"line":9},"2":{"name":"get","decl":{"start":{"line":20,"column":2},"end":{"line":20,"column":8}},"loc":{"start":{"line":20,"column":2},"end":{"line":20,"column":8}},"line":20}},"f":{"0":2,"1":0,"2":2}}
,"C:\\Users\\Aleksa\\Desktop\\apo\\REACT2023Q1\\src\\entities\\snack\\SnackImage.tsx": {"path":"C:\\Users\\Aleksa\\Desktop\\apo\\REACT2023Q1\\src\\entities\\snack\\SnackImage.tsx","all":false,"statementMap":{"0":{"start":{"line":1,"column":0},"end":{"line":1,"column":36}},"1":{"start":{"line":2,"column":0},"end":{"line":2,"column":50}},"2":{"start":{"line":3,"column":0},"end":{"line":3,"column":70}},"3":{"start":{"line":4,"column":0},"end":{"line":4,"column":0}},"4":{"start":{"line":5,"column":0},"end":{"line":5,"column":69}},"5":{"start":{"line":6,"column":0},"end":{"line":6,"column":98}},"6":{"start":{"line":7,"column":0},"end":{"line":7,"column":0}},"7":{"start":{"line":8,"column":0},"end":{"line":8,"column":10}},"8":{"start":{"line":9,"column":0},"end":{"line":9,"column":64}},"9":{"start":{"line":10,"column":0},"end":{"line":10,"column":55}},"10":{"start":{"line":11,"column":0},"end":{"line":11,"column":12}},"11":{"start":{"line":12,"column":0},"end":{"line":12,"column":29}},"12":{"start":{"line":13,"column":0},"end":{"line":13,"column":40}},"13":{"start":{"line":14,"column":0},"end":{"line":14,"column":11}},"14":{"start":{"line":15,"column":0},"end":{"line":15,"column":30}},"15":{"start":{"line":16,"column":0},"end":{"line":16,"column":38}},"16":{"start":{"line":17,"column":0},"end":{"line":17,"column":19}},"17":{"start":{"line":18,"column":0},"end":{"line":18,"column":70}},"18":{"start":{"line":19,"column":0},"end":{"line":19,"column":8}},"19":{"start":{"line":20,"column":0},"end":{"line":20,"column":84}},"20":{"start":{"line":21,"column":0},"end":{"line":21,"column":10}},"21":{"start":{"line":22,"column":0},"end":{"line":22,"column":4}},"22":{"start":{"line":23,"column":0},"end":{"line":23,"column":2}},"23":{"start":{"line":24,"column":0},"end":{"line":24,"column":0}},"24":{"start":{"line":25,"column":0},"end":{"line":25,"column":26}}},"s":{"0":1,"1":1,"2":1,"3":1,"4":1,"5":2,"6":2,"7":2,"8":2,"9":2,"10":2,"11":2,"12":2,"13":2,"14":2,"15":2,"16":2,"17":2,"18":2,"19":2,"20":2,"21":2,"22":2,"23":1,"24":1},"branchMap":{"0":{"type":"branch","line":5,"loc":{"start":{"line":5,"column":19},"end":{"line":23,"column":2}},"locations":[{"start":{"line":5,"column":19},"end":{"line":23,"column":2}}]},"1":{"type":"branch","line":20,"loc":{"start":{"line":20,"column":48},"end":{"line":20,"column":78}},"locations":[{"start":{"line":20,"column":48},"end":{"line":20,"column":78}}]}},"b":{"0":[2],"1":[0]},"fnMap":{"0":{"name":"SnackImage","decl":{"start":{"line":5,"column":19},"end":{"line":23,"column":2}},"loc":{"start":{"line":5,"column":19},"end":{"line":23,"column":2}},"line":5}},"f":{"0":2}}
,"C:\\Users\\Aleksa\\Desktop\\apo\\REACT2023Q1\\src\\entities\\snack\\SnackName.tsx": {"path":"C:\\Users\\Aleksa\\Desktop\\apo\\REACT2023Q1\\src\\entities\\snack\\SnackName.tsx","all":false,"statementMap":{"0":{"start":{"line":1,"column":0},"end":{"line":1,"column":50}},"1":{"start":{"line":2,"column":0},"end":{"line":2,"column":65}},"2":{"start":{"line":3,"column":0},"end":{"line":3,"column":0}},"3":{"start":{"line":4,"column":0},"end":{"line":4,"column":75}},"4":{"start":{"line":5,"column":0},"end":{"line":5,"column":66}},"5":{"start":{"line":6,"column":0},"end":{"line":6,"column":52}},"6":{"start":{"line":7,"column":0},"end":{"line":7,"column":10}},"7":{"start":{"line":8,"column":0},"end":{"line":8,"column":27}},"8":{"start":{"line":9,"column":0},"end":{"line":9,"column":77}},"9":{"start":{"line":10,"column":0},"end":{"line":10,"column":9}},"10":{"start":{"line":11,"column":0},"end":{"line":11,"column":28}},"11":{"start":{"line":12,"column":0},"end":{"line":12,"column":35}},"12":{"start":{"line":13,"column":0},"end":{"line":13,"column":17}},"13":{"start":{"line":14,"column":0},"end":{"line":14,"column":6}},"14":{"start":{"line":15,"column":0},"end":{"line":15,"column":90}},"15":{"start":{"line":16,"column":0},"end":{"line":16,"column":8}},"16":{"start":{"line":17,"column":0},"end":{"line":17,"column":2}}},"s":{"0":1,"1":1,"2":1,"3":1,"4":2,"5":2,"6":2,"7":2,"8":2,"9":2,"10":2,"11":2,"12":2,"13":2,"14":2,"15":2,"16":1},"branchMap":{"0":{"type":"branch","line":4,"loc":{"start":{"line":4,"column":25},"end":{"line":16,"column":8}},"locations":[{"start":{"line":4,"column":25},"end":{"line":16,"column":8}}]},"1":{"type":"branch","line":15,"loc":{"start":{"line":15,"column":46},"end":{"line":15,"column":84}},"locations":[{"start":{"line":15,"column":46},"end":{"line":15,"column":84}}]},"2":{"type":"branch","line":16,"loc":{"start":{"line":16,"column":2},"end":{"line":16,"column":8}},"locations":[{"start":{"line":16,"column":2},"end":{"line":16,"column":8}}]}},"b":{"0":[2],"1":[0],"2":[2]},"fnMap":{"0":{"name":"SnackName","decl":{"start":{"line":4,"column":25},"end":{"line":16,"column":8}},"loc":{"start":{"line":4,"column":25},"end":{"line":16,"column":8}},"line":4},"1":{"name":"checkSnackName","decl":{"start":{"line":9,"column":36},"end":{"line":9,"column":75}},"loc":{"start":{"line":9,"column":36},"end":{"line":9,"column":75}},"line":9},"2":{"name":"get","decl":{"start":{"line":16,"column":2},"end":{"line":16,"column":8}},"loc":{"start":{"line":16,"column":2},"end":{"line":16,"column":8}},"line":16}},"f":{"0":2,"1":0,"2":2}}
,"C:\\Users\\Aleksa\\Desktop\\apo\\REACT2023Q1\\src\\entities\\snack\\StorageMode.tsx": {"path":"C:\\Users\\Aleksa\\Desktop\\apo\\REACT2023Q1\\src\\entities\\snack\\StorageMode.tsx","all":false,"statementMap":{"0":{"start":{"line":1,"column":0},"end":{"line":1,"column":50}},"1":{"start":{"line":2,"column":0},"end":{"line":2,"column":60}},"2":{"start":{"line":3,"column":0},"end":{"line":3,"column":0}},"3":{"start":{"line":4,"column":0},"end":{"line":4,"column":62}},"4":{"start":{"line":5,"column":0},"end":{"line":5,"column":0}},"5":{"start":{"line":6,"column":0},"end":{"line":6,"column":77}},"6":{"start":{"line":7,"column":0},"end":{"line":7,"column":68}},"7":{"start":{"line":8,"column":0},"end":{"line":8,"column":43}},"8":{"start":{"line":9,"column":0},"end":{"line":9,"column":28}},"9":{"start":{"line":10,"column":0},"end":{"line":10,"column":38}},"10":{"start":{"line":11,"column":0},"end":{"line":11,"column":16}},"11":{"start":{"line":12,"column":0},"end":{"line":12,"column":74}},"12":{"start":{"line":13,"column":0},"end":{"line":13,"column":18}},"13":{"start":{"line":14,"column":0},"end":{"line":14,"column":35}},"14":{"start":{"line":15,"column":0},"end":{"line":15,"column":75}},"15":{"start":{"line":16,"column":0},"end":{"line":16,"column":17}},"16":{"start":{"line":17,"column":0},"end":{"line":17,"column":21}},"17":{"start":{"line":18,"column":0},"end":{"line":18,"column":26}},"18":{"start":{"line":19,"column":0},"end":{"line":19,"column":26}},"19":{"start":{"line":20,"column":0},"end":{"line":20,"column":37}},"20":{"start":{"line":21,"column":0},"end":{"line":21,"column":26}},"21":{"start":{"line":22,"column":0},"end":{"line":22,"column":45}},"22":{"start":{"line":23,"column":0},"end":{"line":23,"column":14}},"23":{"start":{"line":24,"column":0},"end":{"line":24,"column":63}},"24":{"start":{"line":25,"column":0},"end":{"line":25,"column":18}},"25":{"start":{"line":26,"column":0},"end":{"line":26,"column":10}},"26":{"start":{"line":27,"column":0},"end":{"line":27,"column":9}},"27":{"start":{"line":28,"column":0},"end":{"line":28,"column":10}},"28":{"start":{"line":29,"column":0},"end":{"line":29,"column":97}},"29":{"start":{"line":30,"column":0},"end":{"line":30,"column":8}},"30":{"start":{"line":31,"column":0},"end":{"line":31,"column":2}}},"s":{"0":1,"1":1,"2":1,"3":1,"4":1,"5":1,"6":2,"7":2,"8":2,"9":6,"10":6,"11":6,"12":6,"13":6,"14":6,"15":6,"16":6,"17":6,"18":6,"19":6,"20":6,"21":6,"22":6,"23":6,"24":6,"25":6,"26":2,"27":2,"28":2,"29":2,"30":1},"branchMap":{"0":{"type":"branch","line":6,"loc":{"start":{"line":6,"column":27},"end":{"line":30,"column":8}},"locations":[{"start":{"line":6,"column":27},"end":{"line":30,"column":8}}]},"1":{"type":"branch","line":29,"loc":{"start":{"line":29,"column":49},"end":{"line":29,"column":91}},"locations":[{"start":{"line":29,"column":49},"end":{"line":29,"column":91}}]},"2":{"type":"branch","line":9,"loc":{"start":{"line":9,"column":17},"end":{"line":27,"column":7}},"locations":[{"start":{"line":9,"column":17},"end":{"line":27,"column":7}}]},"3":{"type":"branch","line":30,"loc":{"start":{"line":30,"column":2},"end":{"line":30,"column":8}},"locations":[{"start":{"line":30,"column":2},"end":{"line":30,"column":8}}]}},"b":{"0":[2],"1":[0],"2":[6],"3":[2]},"fnMap":{"0":{"name":"StorageMode","decl":{"start":{"line":6,"column":27},"end":{"line":30,"column":8}},"loc":{"start":{"line":6,"column":27},"end":{"line":30,"column":8}},"line":6},"1":{"name":"checkMode","decl":{"start":{"line":15,"column":39},"end":{"line":15,"column":73}},"loc":{"start":{"line":15,"column":39},"end":{"line":15,"column":73}},"line":15},"2":{"name":"get","decl":{"start":{"line":30,"column":2},"end":{"line":30,"column":8}},"loc":{"start":{"line":30,"column":2},"end":{"line":30,"column":8}},"line":30}},"f":{"0":2,"1":0,"2":2}}
,"C:\\Users\\Aleksa\\Desktop\\apo\\REACT2023Q1\\src\\entities\\snack\\Taste.tsx": {"path":"C:\\Users\\Aleksa\\Desktop\\apo\\REACT2023Q1\\src\\entities\\snack\\Taste.tsx","all":false,"statementMap":{"0":{"start":{"line":1,"column":0},"end":{"line":1,"column":26}},"1":{"start":{"line":2,"column":0},"end":{"line":2,"column":61}},"2":{"start":{"line":3,"column":0},"end":{"line":3,"column":50}},"3":{"start":{"line":4,"column":0},"end":{"line":4,"column":43}},"4":{"start":{"line":5,"column":0},"end":{"line":5,"column":0}},"5":{"start":{"line":6,"column":0},"end":{"line":6,"column":46}},"6":{"start":{"line":7,"column":0},"end":{"line":7,"column":37}},"7":{"start":{"line":8,"column":0},"end":{"line":8,"column":57}},"8":{"start":{"line":9,"column":0},"end":{"line":9,"column":19}},"9":{"start":{"line":10,"column":0},"end":{"line":10,"column":3}},"10":{"start":{"line":11,"column":0},"end":{"line":11,"column":0}},"11":{"start":{"line":12,"column":0},"end":{"line":12,"column":71}},"12":{"start":{"line":13,"column":0},"end":{"line":13,"column":37}},"13":{"start":{"line":14,"column":0},"end":{"line":14,"column":46}},"14":{"start":{"line":15,"column":0},"end":{"line":15,"column":11}},"15":{"start":{"line":16,"column":0},"end":{"line":16,"column":22}},"16":{"start":{"line":17,"column":0},"end":{"line":17,"column":27}},"17":{"start":{"line":18,"column":0},"end":{"line":18,"column":69}},"18":{"start":{"line":19,"column":0},"end":{"line":19,"column":9}},"19":{"start":{"line":20,"column":0},"end":{"line":20,"column":30}},"20":{"start":{"line":21,"column":0},"end":{"line":21,"column":5}},"21":{"start":{"line":22,"column":0},"end":{"line":22,"column":20}},"22":{"start":{"line":23,"column":0},"end":{"line":23,"column":13}},"23":{"start":{"line":24,"column":0},"end":{"line":24,"column":53}},"24":{"start":{"line":25,"column":0},"end":{"line":25,"column":8}},"25":{"start":{"line":26,"column":0},"end":{"line":26,"column":2}}},"s":{"0":1,"1":1,"2":1,"3":1,"4":1,"5":1,"6":21,"7":21,"8":21,"9":1,"10":1,"11":1,"12":2,"13":2,"14":2,"15":2,"16":2,"17":2,"18":2,"19":2,"20":2,"21":2,"22":2,"23":2,"24":2,"25":1},"branchMap":{"0":{"type":"branch","line":6,"loc":{"start":{"line":6,"column":33},"end":{"line":9,"column":19}},"locations":[{"start":{"line":6,"column":33},"end":{"line":9,"column":19}}]},"1":{"type":"branch","line":12,"loc":{"start":{"line":12,"column":21},"end":{"line":25,"column":8}},"locations":[{"start":{"line":12,"column":21},"end":{"line":25,"column":8}}]},"2":{"type":"branch","line":24,"loc":{"start":{"line":24,"column":17},"end":{"line":24,"column":47}},"locations":[{"start":{"line":24,"column":17},"end":{"line":24,"column":47}}]},"3":{"type":"branch","line":25,"loc":{"start":{"line":25,"column":2},"end":{"line":25,"column":8}},"locations":[{"start":{"line":25,"column":2},"end":{"line":25,"column":8}}]}},"b":{"0":[21],"1":[2],"2":[0],"3":[2]},"fnMap":{"0":{"name":"Taste","decl":{"start":{"line":12,"column":21},"end":{"line":25,"column":8}},"loc":{"start":{"line":12,"column":21},"end":{"line":25,"column":8}},"line":12},"1":{"name":"checkTaste","decl":{"start":{"line":18,"column":32},"end":{"line":18,"column":67}},"loc":{"start":{"line":18,"column":32},"end":{"line":18,"column":67}},"line":18},"2":{"name":"get","decl":{"start":{"line":25,"column":2},"end":{"line":25,"column":8}},"loc":{"start":{"line":25,"column":2},"end":{"line":25,"column":8}},"line":25}},"f":{"0":2,"1":0,"2":2}}
,"C:\\Users\\Aleksa\\Desktop\\apo\\REACT2023Q1\\src\\pages\\AboutPage.tsx": {"path":"C:\\Users\\Aleksa\\Desktop\\apo\\REACT2023Q1\\src\\pages\\AboutPage.tsx","all":false,"statementMap":{"0":{"start":{"line":1,"column":0},"end":{"line":1,"column":31}},"1":{"start":{"line":2,"column":0},"end":{"line":2,"column":0}},"2":{"start":{"line":3,"column":0},"end":{"line":3,"column":25}},"3":{"start":{"line":4,"column":0},"end":{"line":4,"column":10}},"4":{"start":{"line":5,"column":0},"end":{"line":5,"column":27}},"5":{"start":{"line":6,"column":0},"end":{"line":6,"column":55}},"6":{"start":{"line":7,"column":0},"end":{"line":7,"column":33}},"7":{"start":{"line":8,"column":0},"end":{"line":8,"column":100}},"8":{"start":{"line":9,"column":0},"end":{"line":9,"column":62}},"9":{"start":{"line":10,"column":0},"end":{"line":10,"column":10}},"10":{"start":{"line":11,"column":0},"end":{"line":11,"column":0}},"11":{"start":{"line":12,"column":0},"end":{"line":12,"column":33}},"12":{"start":{"line":13,"column":0},"end":{"line":13,"column":96}},"13":{"start":{"line":14,"column":0},"end":{"line":14,"column":100}},"14":{"start":{"line":15,"column":0},"end":{"line":15,"column":86}},"15":{"start":{"line":16,"column":0},"end":{"line":16,"column":10}},"16":{"start":{"line":17,"column":0},"end":{"line":17,"column":0}},"17":{"start":{"line":18,"column":0},"end":{"line":18,"column":33}},"18":{"start":{"line":19,"column":0},"end":{"line":19,"column":95}},"19":{"start":{"line":20,"column":0},"end":{"line":20,"column":98}},"20":{"start":{"line":21,"column":0},"end":{"line":21,"column":90}},"21":{"start":{"line":22,"column":0},"end":{"line":22,"column":10}},"22":{"start":{"line":23,"column":0},"end":{"line":23,"column":0}},"23":{"start":{"line":24,"column":0},"end":{"line":24,"column":33}},"24":{"start":{"line":25,"column":0},"end":{"line":25,"column":92}},"25":{"start":{"line":26,"column":0},"end":{"line":26,"column":94}},"26":{"start":{"line":27,"column":0},"end":{"line":27,"column":10}},"27":{"start":{"line":28,"column":0},"end":{"line":28,"column":0}},"28":{"start":{"line":29,"column":0},"end":{"line":29,"column":33}},"29":{"start":{"line":30,"column":0},"end":{"line":30,"column":100}},"30":{"start":{"line":31,"column":0},"end":{"line":31,"column":100}},"31":{"start":{"line":32,"column":0},"end":{"line":32,"column":90}},"32":{"start":{"line":33,"column":0},"end":{"line":33,"column":10}},"33":{"start":{"line":34,"column":0},"end":{"line":34,"column":0}},"34":{"start":{"line":35,"column":0},"end":{"line":35,"column":33}},"35":{"start":{"line":36,"column":0},"end":{"line":36,"column":89}},"36":{"start":{"line":37,"column":0},"end":{"line":37,"column":94}},"37":{"start":{"line":38,"column":0},"end":{"line":38,"column":100}},"38":{"start":{"line":39,"column":0},"end":{"line":39,"column":10}},"39":{"start":{"line":40,"column":0},"end":{"line":40,"column":10}},"40":{"start":{"line":41,"column":0},"end":{"line":41,"column":4}},"41":{"start":{"line":42,"column":0},"end":{"line":42,"column":2}},"42":{"start":{"line":43,"column":0},"end":{"line":43,"column":0}},"43":{"start":{"line":44,"column":0},"end":{"line":44,"column":25}}},"s":{"0":1,"1":1,"2":1,"3":2,"4":2,"5":2,"6":2,"7":2,"8":2,"9":2,"10":2,"11":2,"12":2,"13":2,"14":2,"15":2,"16":2,"17":2,"18":2,"19":2,"20":2,"21":2,"22":2,"23":2,"24":2,"25":2,"26":2,"27":2,"28":2,"29":2,"30":2,"31":2,"32":2,"33":2,"34":2,"35":2,"36":2,"37":2,"38":2,"39":2,"40":2,"41":2,"42":1,"43":1},"branchMap":{"0":{"type":"branch","line":3,"loc":{"start":{"line":3,"column":18},"end":{"line":42,"column":2}},"locations":[{"start":{"line":3,"column":18},"end":{"line":42,"column":2}}]}},"b":{"0":[2]},"fnMap":{"0":{"name":"AboutPage","decl":{"start":{"line":3,"column":18},"end":{"line":42,"column":2}},"loc":{"start":{"line":3,"column":18},"end":{"line":42,"column":2}},"line":3}},"f":{"0":2}}
,"C:\\Users\\Aleksa\\Desktop\\apo\\REACT2023Q1\\src\\pages\\FormPage.tsx": {"path":"C:\\Users\\Aleksa\\Desktop\\apo\\REACT2023Q1\\src\\pages\\FormPage.tsx","all":false,"statementMap":{"0":{"start":{"line":1,"column":0},"end":{"line":1,"column":26}},"1":{"start":{"line":2,"column":0},"end":{"line":2,"column":47}},"2":{"start":{"line":3,"column":0},"end":{"line":3,"column":0}},"3":{"start":{"line":4,"column":0},"end":{"line":4,"column":24}},"4":{"start":{"line":5,"column":0},"end":{"line":5,"column":10}},"5":{"start":{"line":6,"column":0},"end":{"line":6,"column":6}},"6":{"start":{"line":7,"column":0},"end":{"line":7,"column":14}},"7":{"start":{"line":8,"column":0},"end":{"line":8,"column":7}},"8":{"start":{"line":9,"column":0},"end":{"line":9,"column":4}},"9":{"start":{"line":10,"column":0},"end":{"line":10,"column":2}},"10":{"start":{"line":11,"column":0},"end":{"line":11,"column":0}},"11":{"start":{"line":12,"column":0},"end":{"line":12,"column":24}}},"s":{"0":1,"1":1,"2":1,"3":1,"4":1,"5":1,"6":1,"7":1,"8":1,"9":1,"10":1,"11":1},"branchMap":{"0":{"type":"branch","line":4,"loc":{"start":{"line":4,"column":17},"end":{"line":10,"column":2}},"locations":[{"start":{"line":4,"column":17},"end":{"line":10,"column":2}}]}},"b":{"0":[1]},"fnMap":{"0":{"name":"FormPage","decl":{"start":{"line":4,"column":17},"end":{"line":10,"column":2}},"loc":{"start":{"line":4,"column":17},"end":{"line":10,"column":2}},"line":4}},"f":{"0":1}}
,"C:\\Users\\Aleksa\\Desktop\\apo\\REACT2023Q1\\src\\pages\\HomePage.tsx": {"path":"C:\\Users\\Aleksa\\Desktop\\apo\\REACT2023Q1\\src\\pages\\HomePage.tsx","all":false,"statementMap":{"0":{"start":{"line":1,"column":0},"end":{"line":1,"column":51}},"1":{"start":{"line":2,"column":0},"end":{"line":2,"column":48}},"2":{"start":{"line":3,"column":0},"end":{"line":3,"column":58}},"3":{"start":{"line":4,"column":0},"end":{"line":4,"column":49}},"4":{"start":{"line":5,"column":0},"end":{"line":5,"column":55}},"5":{"start":{"line":6,"column":0},"end":{"line":6,"column":46}},"6":{"start":{"line":7,"column":0},"end":{"line":7,"column":56}},"7":{"start":{"line":8,"column":0},"end":{"line":8,"column":0}},"8":{"start":{"line":9,"column":0},"end":{"line":9,"column":24}},"9":{"start":{"line":10,"column":0},"end":{"line":10,"column":54}},"10":{"start":{"line":11,"column":0},"end":{"line":11,"column":59}},"11":{"start":{"line":12,"column":0},"end":{"line":12,"column":51}},"12":{"start":{"line":13,"column":0},"end":{"line":13,"column":5}},"13":{"start":{"line":14,"column":0},"end":{"line":14,"column":57}},"14":{"start":{"line":15,"column":0},"end":{"line":15,"column":52}},"15":{"start":{"line":16,"column":0},"end":{"line":16,"column":71}},"16":{"start":{"line":17,"column":0},"end":{"line":17,"column":56}},"17":{"start":{"line":18,"column":0},"end":{"line":18,"column":0}},"18":{"start":{"line":19,"column":0},"end":{"line":19,"column":19}},"19":{"start":{"line":20,"column":0},"end":{"line":20,"column":59}},"20":{"start":{"line":21,"column":0},"end":{"line":21,"column":31}},"21":{"start":{"line":22,"column":0},"end":{"line":22,"column":33}},"22":{"start":{"line":23,"column":0},"end":{"line":23,"column":49}},"23":{"start":{"line":24,"column":0},"end":{"line":24,"column":34}},"24":{"start":{"line":25,"column":0},"end":{"line":25,"column":9}},"25":{"start":{"line":26,"column":0},"end":{"line":26,"column":5}},"26":{"start":{"line":27,"column":0},"end":{"line":27,"column":9}},"27":{"start":{"line":28,"column":0},"end":{"line":28,"column":0}},"28":{"start":{"line":29,"column":0},"end":{"line":29,"column":36}},"29":{"start":{"line":30,"column":0},"end":{"line":30,"column":9}},"30":{"start":{"line":31,"column":0},"end":{"line":31,"column":25}},"31":{"start":{"line":32,"column":0},"end":{"line":32,"column":51}},"32":{"start":{"line":33,"column":0},"end":{"line":33,"column":32}},"33":{"start":{"line":34,"column":0},"end":{"line":34,"column":53}},"34":{"start":{"line":35,"column":0},"end":{"line":35,"column":21}},"35":{"start":{"line":36,"column":0},"end":{"line":36,"column":27}},"36":{"start":{"line":37,"column":0},"end":{"line":37,"column":15}},"37":{"start":{"line":38,"column":0},"end":{"line":38,"column":26}},"38":{"start":{"line":39,"column":0},"end":{"line":39,"column":5}},"39":{"start":{"line":40,"column":0},"end":{"line":40,"column":4}},"40":{"start":{"line":41,"column":0},"end":{"line":41,"column":0}},"41":{"start":{"line":42,"column":0},"end":{"line":42,"column":44}},"42":{"start":{"line":43,"column":0},"end":{"line":43,"column":31}},"43":{"start":{"line":44,"column":0},"end":{"line":44,"column":26}},"44":{"start":{"line":45,"column":0},"end":{"line":45,"column":25}},"45":{"start":{"line":46,"column":0},"end":{"line":46,"column":4}},"46":{"start":{"line":47,"column":0},"end":{"line":47,"column":0}},"47":{"start":{"line":48,"column":0},"end":{"line":48,"column":34}},"48":{"start":{"line":49,"column":0},"end":{"line":49,"column":26}},"49":{"start":{"line":50,"column":0},"end":{"line":50,"column":26}},"50":{"start":{"line":51,"column":0},"end":{"line":51,"column":4}},"51":{"start":{"line":52,"column":0},"end":{"line":52,"column":0}},"52":{"start":{"line":53,"column":0},"end":{"line":53,"column":10}},"53":{"start":{"line":54,"column":0},"end":{"line":54,"column":6}},"54":{"start":{"line":55,"column":0},"end":{"line":55,"column":16}},"55":{"start":{"line":56,"column":0},"end":{"line":56,"column":26}},"56":{"start":{"line":57,"column":0},"end":{"line":57,"column":63}},"57":{"start":{"line":58,"column":0},"end":{"line":58,"column":31}},"58":{"start":{"line":59,"column":0},"end":{"line":59,"column":8}},"59":{"start":{"line":60,"column":0},"end":{"line":60,"column":97}},"60":{"start":{"line":61,"column":0},"end":{"line":61,"column":24}},"61":{"start":{"line":62,"column":0},"end":{"line":62,"column":85}},"62":{"start":{"line":63,"column":0},"end":{"line":63,"column":8}},"63":{"start":{"line":64,"column":0},"end":{"line":64,"column":7}},"64":{"start":{"line":65,"column":0},"end":{"line":65,"column":4}},"65":{"start":{"line":66,"column":0},"end":{"line":66,"column":2}},"66":{"start":{"line":67,"column":0},"end":{"line":67,"column":0}},"67":{"start":{"line":68,"column":0},"end":{"line":68,"column":24}}},"s":{"0":1,"1":1,"2":1,"3":1,"4":1,"5":1,"6":1,"7":1,"8":1,"9":0,"10":0,"11":0,"12":0,"13":0,"14":0,"15":0,"16":0,"17":0,"18":0,"19":0,"20":0,"21":0,"22":0,"23":0,"24":0,"25":0,"26":0,"27":0,"28":0,"29":0,"30":0,"31":0,"32":0,"33":0,"34":0,"35":0,"36":0,"37":0,"38":0,"39":0,"40":0,"41":0,"42":0,"43":0,"44":0,"45":0,"46":0,"47":0,"48":0,"49":0,"50":0,"51":0,"52":0,"53":0,"54":0,"55":0,"56":0,"57":0,"58":0,"59":0,"60":0,"61":0,"62":0,"63":0,"64":0,"65":0,"66":1,"67":1},"branchMap":{},"b":{},"fnMap":{"0":{"name":"HomePage","decl":{"start":{"line":9,"column":17},"end":{"line":66,"column":2}},"loc":{"start":{"line":9,"column":17},"end":{"line":66,"column":2}},"line":9}},"f":{"0":0}}
,"C:\\Users\\Aleksa\\Desktop\\apo\\REACT2023Q1\\src\\pages\\NotFoundPage.tsx": {"path":"C:\\Users\\Aleksa\\Desktop\\apo\\REACT2023Q1\\src\\pages\\NotFoundPage.tsx","all":false,"statementMap":{"0":{"start":{"line":1,"column":0},"end":{"line":1,"column":31}},"1":{"start":{"line":2,"column":0},"end":{"line":2,"column":0}},"2":{"start":{"line":3,"column":0},"end":{"line":3,"column":28}},"3":{"start":{"line":4,"column":0},"end":{"line":4,"column":34}},"4":{"start":{"line":5,"column":0},"end":{"line":5,"column":2}},"5":{"start":{"line":6,"column":0},"end":{"line":6,"column":0}},"6":{"start":{"line":7,"column":0},"end":{"line":7,"column":28}}},"s":{"0":1,"1":1,"2":1,"3":2,"4":2,"5":1,"6":1},"branchMap":{"0":{"type":"branch","line":3,"loc":{"start":{"line":3,"column":21},"end":{"line":5,"column":2}},"locations":[{"start":{"line":3,"column":21},"end":{"line":5,"column":2}}]}},"b":{"0":[2]},"fnMap":{"0":{"name":"NotFoundPage","decl":{"start":{"line":3,"column":21},"end":{"line":5,"column":2}},"loc":{"start":{"line":3,"column":21},"end":{"line":5,"column":2}},"line":3}},"f":{"0":2}}
,"C:\\Users\\Aleksa\\Desktop\\apo\\REACT2023Q1\\src\\routes\\index.tsx": {"path":"C:\\Users\\Aleksa\\Desktop\\apo\\REACT2023Q1\\src\\routes\\index.tsx","all":false,"statementMap":{"0":{"start":{"line":1,"column":0},"end":{"line":1,"column":26}},"1":{"start":{"line":2,"column":0},"end":{"line":2,"column":49}},"2":{"start":{"line":3,"column":0},"end":{"line":3,"column":54}},"3":{"start":{"line":4,"column":0},"end":{"line":4,"column":0}},"4":{"start":{"line":5,"column":0},"end":{"line":5,"column":22}},"5":{"start":{"line":6,"column":0},"end":{"line":6,"column":10}},"6":{"start":{"line":7,"column":0},"end":{"line":7,"column":12}},"7":{"start":{"line":8,"column":0},"end":{"line":8,"column":30}},"8":{"start":{"line":9,"column":0},"end":{"line":9,"column":76}},"9":{"start":{"line":10,"column":0},"end":{"line":10,"column":9}},"10":{"start":{"line":11,"column":0},"end":{"line":11,"column":13}},"11":{"start":{"line":12,"column":0},"end":{"line":12,"column":4}},"12":{"start":{"line":13,"column":0},"end":{"line":13,"column":2}},"13":{"start":{"line":14,"column":0},"end":{"line":14,"column":0}},"14":{"start":{"line":15,"column":0},"end":{"line":15,"column":22}}},"s":{"0":1,"1":1,"2":1,"3":1,"4":1,"5":2,"6":2,"7":2,"8":8,"9":2,"10":2,"11":2,"12":2,"13":1,"14":1},"branchMap":{"0":{"type":"branch","line":5,"loc":{"start":{"line":5,"column":15},"end":{"line":13,"column":2}},"locations":[{"start":{"line":5,"column":15},"end":{"line":13,"column":2}}]},"1":{"type":"branch","line":8,"loc":{"start":{"line":8,"column":18},"end":{"line":9,"column":76}},"locations":[{"start":{"line":8,"column":18},"end":{"line":9,"column":76}}]}},"b":{"0":[2],"1":[8]},"fnMap":{"0":{"name":"Router","decl":{"start":{"line":5,"column":15},"end":{"line":13,"column":2}},"loc":{"start":{"line":5,"column":15},"end":{"line":13,"column":2}},"line":5}},"f":{"0":2}}
}
