TN:
SF:src\components\CardList\Card.tsx
FN:5,(anonymous_1)
FNF:1
FNH:1
FNDA:19,(anonymous_1)
DA:1,2
DA:6,19
DA:8,19
DA:25,2
LF:4
LH:4
BRF:0
BRH:0
end_of_record
TN:
SF:src\components\CardList\CardList.tsx
FN:24,(anonymous_1)
FN:32,(anonymous_2)
FN:36,(anonymous_3)
FN:42,(anonymous_4)
FN:47,(anonymous_5)
FN:53,(anonymous_6)
FNF:6
FNH:6
FNDA:5,(anonymous_1)
FNDA:5,(anonymous_2)
FNDA:5,(anonymous_3)
FNDA:5,(anonymous_4)
FNDA:10,(anonymous_5)
FNDA:15,(anonymous_6)
DA:1,1
DA:2,1
DA:3,1
DA:4,1
DA:25,5
DA:27,5
DA:33,5
DA:37,5
DA:38,0
DA:42,5
DA:43,5
DA:44,5
DA:48,10
DA:50,10
DA:53,15
DA:62,1
LF:16
LH:15
BRDA:37,0,0,0
BRDA:52,1,0,8
BRDA:52,1,1,2
BRF:3
BRH:2
end_of_record
TN:
SF:src\components\FormComponent\FormComponent.tsx
FN:26,(anonymous_1)
FN:42,(anonymous_2)
FN:43,(anonymous_3)
FN:56,(anonymous_4)
FN:95,(anonymous_5)
FN:132,(anonymous_6)
FNF:6
FNH:4
FNDA:4,(anonymous_1)
FNDA:0,(anonymous_2)
FNDA:0,(anonymous_3)
FNDA:4,(anonymous_4)
FNDA:4,(anonymous_5)
FNDA:8,(anonymous_6)
DA:1,2
DA:4,2
DA:13,4
DA:14,4
DA:27,4
DA:28,4
DA:43,0
DA:44,0
DA:45,0
DA:46,0
DA:47,0
DA:48,0
DA:50,0
DA:67,4
DA:69,4
DA:70,4
DA:71,4
DA:72,4
DA:73,4
DA:74,4
DA:75,4
DA:79,4
DA:81,4
DA:92,4
DA:95,4
DA:96,4
DA:97,4
DA:108,0
DA:110,0
DA:111,0
DA:113,0
DA:128,0
DA:129,0
DA:140,8
DA:152,8
DA:154,8
DA:298,2
LF:37
LH:24
BRDA:45,0,0,0
BRDA:47,1,0,0
BRDA:47,1,1,0
BRDA:47,2,0,0
BRDA:47,2,1,0
BRDA:69,3,0,4
BRDA:69,3,1,3
BRDA:70,4,0,4
BRDA:70,4,1,3
BRDA:71,5,0,4
BRDA:71,5,1,3
BRDA:79,6,0,4
BRDA:79,6,1,4
BRDA:92,7,0,4
BRDA:92,7,1,1
BRDA:92,7,2,1
BRDA:92,7,3,1
BRDA:92,7,4,0
BRDA:97,8,0,4
BRDA:111,9,0,0
BRDA:111,9,1,0
BRDA:115,10,0,0
BRDA:115,10,1,0
BRDA:116,11,0,0
BRDA:116,11,1,0
BRDA:117,12,0,0
BRDA:117,12,1,0
BRDA:122,13,0,0
BRDA:122,13,1,0
BRDA:122,13,2,0
BRDA:122,13,3,0
BRDA:122,13,4,0
BRDA:168,14,0,8
BRDA:168,14,1,3
BRDA:186,15,0,8
BRDA:186,15,1,3
BRDA:216,16,0,8
BRDA:216,16,1,3
BRDA:273,17,0,8
BRDA:273,17,1,3
BRDA:285,18,0,8
BRDA:285,18,1,4
BRDA:292,19,0,8
BRDA:292,19,1,0
BRF:44
BRH:24
end_of_record
TN:
SF:src\components\FormComponent\FormCard\FormCard.tsx
FN:9,(anonymous_6)
FNF:1
FNH:1
FNDA:5,(anonymous_6)
DA:1,2
DA:10,5
DA:11,5
DA:40,2
LF:4
LH:4
BRDA:19,0,0,5
BRDA:19,0,1,5
BRDA:20,1,0,5
BRDA:20,1,1,0
BRDA:21,2,0,5
BRDA:21,2,1,5
BRF:6
BRH:5
end_of_record
TN:
SF:src\core\utils\CardFilter.ts
FN:12,filterCards
FN:19,(anonymous_1)
FN:21,(anonymous_2)
FNF:3
FNH:3
FNDA:5,filterCards
FNDA:6,(anonymous_1)
FNDA:31,(anonymous_2)
DA:1,1
DA:13,5
DA:14,2
DA:17,3
DA:19,3
DA:20,6
DA:21,31
DA:26,1
LF:8
LH:8
BRDA:13,0,0,2
BRDA:21,1,0,31
BRDA:21,1,1,26
BRF:3
BRH:3
end_of_record
TN:
SF:src\core\utils\formValidation.ts
FN:3,(anonymous_0)
FN:4,(anonymous_1)
FN:5,(anonymous_2)
FN:6,(anonymous_3)
FN:10,(anonymous_4)
FNF:5
FNH:5
FNDA:8,(anonymous_0)
FNDA:7,(anonymous_1)
FNDA:6,(anonymous_2)
FNDA:6,(anonymous_3)
FNDA:6,(anonymous_4)
DA:3,8
DA:4,7
DA:5,6
DA:6,3
DA:9,6
DA:10,6
LF:6
LH:6
BRDA:9,0,0,6
BRDA:9,0,1,4
BRF:2
BRH:2
end_of_record
TN:
SF:src\pages\FormPage.tsx
FN:11,(anonymous_7)
FN:19,(anonymous_8)
FN:20,(anonymous_9)
FN:25,(anonymous_10)
FN:34,(anonymous_11)
FNF:5
FNH:2
FNDA:3,(anonymous_7)
FNDA:0,(anonymous_8)
FNDA:0,(anonymous_9)
FNDA:3,(anonymous_10)
FNDA:0,(anonymous_11)
DA:1,1
DA:2,1
DA:3,1
DA:12,3
DA:13,3
DA:16,3
DA:20,0
DA:26,3
DA:27,3
DA:35,0
DA:43,1
LF:11
LH:9
BRF:0
BRH:0
end_of_record
